{"meta": {"format": 3, "version": "7.13.5", "timestamp": "2026-04-08T01:29:31.064770", "branch_coverage": false, "show_contexts": false}, "files": {"app\\__init__.py": {"executed_lines": [], "summary": {"covered_lines": 0, "num_statements": 0, "percent_covered": 100.0, "percent_covered_display": "100", "missing_lines": 0, "excluded_lines": 0, "percent_statements_covered": 100.0, "percent_statements_covered_display": "100"}, "missing_lines": [], "excluded_lines": [], "functions": {"": {"executed_lines": [], "summary": {"covered_lines": 0, "num_statements": 0, "percent_covered": 100.0, "percent_covered_display": "100", "missing_lines": 0, "excluded_lines": 0, "percent_statements_covered": 100.0, "percent_statements_covered_display": "100"}, "missing_lines": [], "excluded_lines": [], "start_line": 1}}, "classes": {"": {"executed_lines": [], "summary": {"covered_lines": 0, "num_statements": 0, "percent_covered": 100.0, "percent_covered_display": "100", "missing_lines": 0, "excluded_lines": 0, "percent_statements_covered": 100.0, "percent_statements_covered_display": "100"}, "missing_lines": [], "excluded_lines": [], "start_line": 1}}}, "app\\config.py": {"executed_lines": [3, 5, 6, 7, 9, 10, 13, 16, 17, 18, 24, 25, 26, 27, 28, 30, 31, 32, 33, 35, 36, 38, 40, 41, 42, 43, 44, 46, 47, 49, 50, 51, 52, 54, 55, 56, 58, 59, 61, 63, 64, 67, 69, 71, 72, 75, 77, 78, 81, 83, 85, 95, 96, 99, 102], "summary": {"covered_lines": 55, "num_statements": 62, "percent_covered": 88.70967741935483, "percent_covered_display": "89", "missing_lines": 7, "excluded_lines": 0, "percent_statements_covered": 88.70967741935483, "percent_statements_covered_display": "89"}, "missing_lines": [68, 82, 88, 89, 90, 91, 92], "excluded_lines": [], "functions": {"Settings.validate_security_defaults": {"executed_lines": [67, 69], "summary": {"covered_lines": 2, "num_statements": 3, "percent_covered": 66.66666666666667, "percent_covered_display": "67", "missing_lines": 1, "excluded_lines": 0, "percent_statements_covered": 66.66666666666667, "percent_statements_covered_display": "67"}, "missing_lines": [68], "excluded_lines": [], "start_line": 64}, "Settings.cors_origins": {"executed_lines": [75], "summary": {"covered_lines": 1, "num_statements": 1, "percent_covered": 100.0, "percent_covered_display": "100", "missing_lines": 0, "excluded_lines": 0, "percent_statements_covered": 100.0, "percent_statements_covered_display": "100"}, "missing_lines": [], "excluded_lines": [], "start_line": 72}, "Settings.supabase_api_key": {"executed_lines": [81, 83], "summary": {"covered_lines": 2, "num_statements": 3, "percent_covered": 66.66666666666667, "percent_covered_display": "67", "missing_lines": 1, "excluded_lines": 0, "percent_statements_covered": 66.66666666666667, "percent_statements_covered_display": "67"}, "missing_lines": [82], "excluded_lines": [], "start_line": 78}, "Settings.is_valid_mesh_sync_token": {"executed_lines": [], "summary": {"covered_lines": 0, "num_statements": 5, "percent_covered": 0.0, "percent_covered_display": "0", "missing_lines": 5, "excluded_lines": 0, "percent_statements_covered": 0.0, "percent_statements_covered_display": "0"}, "missing_lines": [88, 89, 90, 91, 92], "excluded_lines": [], "start_line": 85}, "get_settings": {"executed_lines": [99], "summary": {"covered_lines": 1, "num_statements": 1, "percent_covered": 100.0, "percent_covered_display": "100", "missing_lines": 0, "excluded_lines": 0, "percent_statements_covered": 100.0, "percent_statements_covered_display": "100"}, "missing_lines": [], "excluded_lines": [], "start_line": 96}, "": {"executed_lines": [3, 5, 6, 7, 9, 10, 13, 16, 17, 18, 24, 25, 26, 27, 28, 30, 31, 32, 33, 35, 36, 38, 40, 41, 42, 43, 44, 46, 47, 49, 50, 51, 52, 54, 55, 56, 58, 59, 61, 63, 64, 71, 72, 77, 78, 85, 95, 96, 102], "summary": {"covered_lines": 49, "num_statements": 49, "percent_covered": 100.0, "percent_covered_display": "100", "missing_lines": 0, "excluded_lines": 0, "percent_statements_covered": 100.0, "percent_statements_covered_display": "100"}, "missing_lines": [], "excluded_lines": [], "start_line": 1}}, "classes": {"Settings": {"executed_lines": [67, 69, 75, 81, 83], "summary": {"covered_lines": 5, "num_statements": 12, "percent_covered": 41.666666666666664, "percent_covered_display": "42", "missing_lines": 7, "excluded_lines": 0, "percent_statements_covered": 41.666666666666664, "percent_statements_covered_display": "42"}, "missing_lines": [68, 82, 88, 89, 90, 91, 92], "excluded_lines": [], "start_line": 13}, "": {"executed_lines": [3, 5, 6, 7, 9, 10, 13, 16, 17, 18, 24, 25, 26, 27, 28, 30, 31, 32, 33, 35, 36, 38, 40, 41, 42, 43, 44, 46, 47, 49, 50, 51, 52, 54, 55, 56, 58, 59, 61, 63, 64, 71, 72, 77, 78, 85, 95, 96, 99, 102], "summary": {"covered_lines": 50, "num_statements": 50, "percent_covered": 100.0, "percent_covered_display": "100", "missing_lines": 0, "excluded_lines": 0, "percent_statements_covered": 100.0, "percent_statements_covered_display": "100"}, "missing_lines": [], "excluded_lines": [], "start_line": 1}}}, "app\\database.py": {"executed_lines": [3, 5, 6, 7, 8, 9, 10, 11, 12, 14, 15, 16, 18, 19, 21, 23, 24, 25, 26, 27, 28, 29, 44, 45, 46, 47, 48, 49, 50, 51, 54, 55, 56, 57, 58, 59, 60, 61, 62, 63, 64, 65, 66, 69, 70, 71, 72, 73, 76, 77, 78, 79, 80, 81, 82, 83, 86, 87, 90, 91, 92, 95, 98, 99, 100, 101, 103, 106, 107, 109, 110, 111, 112, 114, 116, 119, 122, 123, 124, 131, 133, 134, 137, 138, 140, 141, 148, 149, 152, 154, 157, 158, 159, 161, 163, 164, 167, 168, 173, 176, 177, 178, 181, 182, 183, 185, 188, 189, 191, 192, 193, 194, 195, 215, 218, 219, 220, 222, 249, 265, 275, 276, 277, 278, 279, 281, 284, 290, 307, 334, 348, 359, 371, 418, 426, 427, 428, 430, 431, 432, 438, 439, 441, 442, 443, 447, 448, 449, 484, 485, 486, 487, 489, 490, 493, 496, 497, 498, 499, 504, 513, 526, 553, 556, 557, 567, 621, 649, 663, 697, 710, 727, 739, 756, 771, 788, 802, 803, 806, 807, 809, 828, 840, 841, 844, 845, 847, 848, 850, 852, 855, 856, 857, 858, 860, 861, 862, 864, 875, 876, 878, 879, 880, 881, 882, 884, 890, 894, 895, 897, 898, 904, 928, 977, 1006, 1054, 1071, 1085, 1099, 1113, 1116, 1117, 1124, 1171, 1174], "summary": {"covered_lines": 225, "num_statements": 486, "percent_covered": 46.2962962962963, "percent_covered_display": "46", "missing_lines": 261, "excluded_lines": 0, "percent_statements_covered": 46.2962962962963, "percent_statements_covered_display": "46"}, "missing_lines": [120, 144, 145, 146, 179, 180, 197, 198, 199, 200, 202, 203, 210, 234, 235, 245, 246, 247, 252, 253, 260, 261, 262, 263, 280, 282, 288, 293, 294, 302, 303, 304, 305, 318, 319, 330, 331, 332, 337, 338, 345, 346, 351, 352, 362, 363, 383, 384, 393, 394, 395, 396, 397, 398, 399, 400, 401, 402, 403, 404, 405, 406, 407, 414, 415, 416, 433, 434, 435, 436, 437, 454, 462, 463, 464, 469, 470, 475, 477, 478, 479, 480, 481, 483, 494, 507, 508, 509, 510, 511, 516, 517, 524, 538, 539, 549, 550, 551, 564, 565, 576, 577, 579, 588, 589, 597, 598, 599, 600, 607, 608, 610, 611, 612, 613, 615, 616, 617, 619, 633, 634, 645, 646, 647, 652, 653, 660, 661, 666, 667, 668, 669, 671, 672, 674, 688, 694, 695, 700, 701, 707, 708, 713, 714, 723, 724, 725, 730, 731, 732, 736, 737, 742, 743, 749, 753, 754, 759, 760, 768, 769, 774, 775, 791, 792, 799, 800, 812, 813, 814, 816, 825, 826, 842, 846, 851, 853, 906, 916, 917, 918, 920, 926, 938, 939, 947, 949, 950, 951, 956, 964, 980, 981, 990, 992, 993, 994, 995, 996, 1004, 1009, 1010, 1011, 1012, 1014, 1015, 1017, 1018, 1019, 1020, 1021, 1022, 1023, 1024, 1025, 1026, 1027, 1028, 1030, 1031, 1033, 1034, 1035, 1036, 1045, 1046, 1050, 1052, 1057, 1058, 1067, 1068, 1069, 1074, 1075, 1082, 1083, 1088, 1089, 1096, 1097, 1102, 1103, 1110, 1111, 1127, 1128, 1130, 1131, 1132, 1133, 1134, 1135, 1136, 1137, 1139, 1140, 1160, 1161, 1163, 1167], "excluded_lines": [], "functions": {"DatabaseClient.__init__": {"executed_lines": [99, 100, 101], "summary": {"covered_lines": 3, "num_statements": 3, "percent_covered": 100.0, "percent_covered_display": "100", "missing_lines": 0, "excluded_lines": 0, "percent_statements_covered": 100.0, "percent_statements_covered_display": "100"}, "missing_lines": [], "excluded_lines": [], "start_line": 98}, "DatabaseClient.client": {"executed_lines": [106, 107, 109, 110, 111, 112, 114], "summary": {"covered_lines": 7, "num_statements": 7, "percent_covered": 100.0, "percent_covered_display": "100", "missing_lines": 0, "excluded_lines": 0, "percent_statements_covered": 100.0, "percent_statements_covered_display": "100"}, "missing_lines": [], "excluded_lines": [], "start_line": 103}, "DatabaseClient.cache": {"executed_lines": [119, 122, 123, 124, 131], "summary": {"covered_lines": 5, "num_statements": 6, "percent_covered": 83.33333333333333, "percent_covered_display": "83", "missing_lines": 1, "excluded_lines": 0, "percent_statements_covered": 83.33333333333333, "percent_statements_covered_display": "83"}, "missing_lines": [120], "excluded_lines": [], "start_line": 116}, "DatabaseClient._sanitize_text": {"executed_lines": [137, 138], "summary": {"covered_lines": 2, "num_statements": 2, "percent_covered": 100.0, "percent_covered_display": "100", "missing_lines": 0, "excluded_lines": 0, "percent_statements_covered": 100.0, "percent_statements_covered_display": "100"}, "missing_lines": [], "excluded_lines": [], "start_line": 134}, "DatabaseClient._sanitize_optional_text": {"executed_lines": [], "summary": {"covered_lines": 0, "num_statements": 3, "percent_covered": 0.0, "percent_covered_display": "0", "missing_lines": 3, "excluded_lines": 0, "percent_statements_covered": 0.0, "percent_statements_covered_display": "0"}, "missing_lines": [144, 145, 146], "excluded_lines": [], "start_line": 141}, "DatabaseClient._extract_data": {"executed_lines": [152], "summary": {"covered_lines": 1, "num_statements": 1, "percent_covered": 100.0, "percent_covered_display": "100", "missing_lines": 0, "excluded_lines": 0, "percent_statements_covered": 100.0, "percent_statements_covered_display": "100"}, "missing_lines": [], "excluded_lines": [], "start_line": 149}, "DatabaseClient._execute": {"executed_lines": [157, 158, 159, 161], "summary": {"covered_lines": 4, "num_statements": 4, "percent_covered": 100.0, "percent_covered_display": "100", "missing_lines": 0, "excluded_lines": 0, "percent_statements_covered": 100.0, "percent_statements_covered_display": "100"}, "missing_lines": [], "excluded_lines": [], "start_line": 154}, "DatabaseClient._http_500_db_error": {"executed_lines": [167, 168], "summary": {"covered_lines": 2, "num_statements": 2, "percent_covered": 100.0, "percent_covered_display": "100", "missing_lines": 0, "excluded_lines": 0, "percent_statements_covered": 100.0, "percent_statements_covered_display": "100"}, "missing_lines": [], "excluded_lines": [], "start_line": 164}, "DatabaseClient.healthcheck": {"executed_lines": [176, 177, 178, 181, 182, 183], "summary": {"covered_lines": 6, "num_statements": 8, "percent_covered": 75.0, "percent_covered_display": "75", "missing_lines": 2, "excluded_lines": 0, "percent_statements_covered": 75.0, "percent_statements_covered_display": "75"}, "missing_lines": [179, 180], "excluded_lines": [], "start_line": 173}, "DatabaseClient.authenticate_user": {"executed_lines": [188, 189, 191, 192, 193, 194, 195], "summary": {"covered_lines": 7, "num_statements": 14, "percent_covered": 50.0, "percent_covered_display": "50", "missing_lines": 7, "excluded_lines": 0, "percent_statements_covered": 50.0, "percent_statements_covered_display": "50"}, "missing_lines": [197, 198, 199, 200, 202, 203, 210], "excluded_lines": [], "start_line": 185}, "DatabaseClient.send_magic_link": {"executed_lines": [218, 219, 220], "summary": {"covered_lines": 3, "num_statements": 3, "percent_covered": 100.0, "percent_covered_display": "100", "missing_lines": 0, "excluded_lines": 0, "percent_statements_covered": 100.0, "percent_statements_covered_display": "100"}, "missing_lines": [], "excluded_lines": [], "start_line": 215}, "DatabaseClient.upsert_user_profile": {"executed_lines": [], "summary": {"covered_lines": 0, "num_statements": 5, "percent_covered": 0.0, "percent_covered_display": "0", "missing_lines": 5, "excluded_lines": 0, "percent_statements_covered": 0.0, "percent_statements_covered_display": "0"}, "missing_lines": [234, 235, 245, 246, 247], "excluded_lines": [], "start_line": 222}, "DatabaseClient.get_user_preferences": {"executed_lines": [], "summary": {"covered_lines": 0, "num_statements": 6, "percent_covered": 0.0, "percent_covered_display": "0", "missing_lines": 6, "excluded_lines": 0, "percent_statements_covered": 0.0, "percent_statements_covered_display": "0"}, "missing_lines": [252, 253, 260, 261, 262, 263], "excluded_lines": [], "start_line": 249}, "DatabaseClient.update_user_preferences": {"executed_lines": [275, 276, 277, 278, 279, 281, 284], "summary": {"covered_lines": 7, "num_statements": 10, "percent_covered": 70.0, "percent_covered_display": "70", "missing_lines": 3, "excluded_lines": 0, "percent_statements_covered": 70.0, "percent_statements_covered_display": "70"}, "missing_lines": [280, 282, 288], "excluded_lines": [], "start_line": 265}, "DatabaseClient.get_default_workspace_for_user": {"executed_lines": [], "summary": {"covered_lines": 0, "num_statements": 6, "percent_covered": 0.0, "percent_covered_display": "0", "missing_lines": 6, "excluded_lines": 0, "percent_statements_covered": 0.0, "percent_statements_covered_display": "0"}, "missing_lines": [293, 294, 302, 303, 304, 305], "excluded_lines": [], "start_line": 290}, "DatabaseClient.create_refresh_token": {"executed_lines": [], "summary": {"covered_lines": 0, "num_statements": 5, "percent_covered": 0.0, "percent_covered_display": "0", "missing_lines": 5, "excluded_lines": 0, "percent_statements_covered": 0.0, "percent_statements_covered_display": "0"}, "missing_lines": [318, 319, 330, 331, 332], "excluded_lines": [], "start_line": 307}, "DatabaseClient.get_refresh_token_by_hash": {"executed_lines": [], "summary": {"covered_lines": 0, "num_statements": 4, "percent_covered": 0.0, "percent_covered_display": "0", "missing_lines": 4, "excluded_lines": 0, "percent_statements_covered": 0.0, "percent_statements_covered_display": "0"}, "missing_lines": [337, 338, 345, 346], "excluded_lines": [], "start_line": 334}, "DatabaseClient.revoke_refresh_token": {"executed_lines": [], "summary": {"covered_lines": 0, "num_statements": 2, "percent_covered": 0.0, "percent_covered_display": "0", "missing_lines": 2, "excluded_lines": 0, "percent_statements_covered": 0.0, "percent_statements_covered_display": "0"}, "missing_lines": [351, 352], "excluded_lines": [], "start_line": 348}, "DatabaseClient.revoke_all_refresh_tokens_for_user": {"executed_lines": [], "summary": {"covered_lines": 0, "num_statements": 2, "percent_covered": 0.0, "percent_covered_display": "0", "missing_lines": 2, "excluded_lines": 0, "percent_statements_covered": 0.0, "percent_statements_covered_display": "0"}, "missing_lines": [362, 363], "excluded_lines": [], "start_line": 359}, "DatabaseClient.rotate_refresh_token": {"executed_lines": [], "summary": {"covered_lines": 0, "num_statements": 20, "percent_covered": 0.0, "percent_covered_display": "0", "missing_lines": 20, "excluded_lines": 0, "percent_statements_covered": 0.0, "percent_statements_covered_display": "0"}, "missing_lines": [383, 384, 393, 394, 395, 396, 397, 398, 399, 400, 401, 402, 403, 404, 405, 406, 407, 414, 415, 416], "excluded_lines": [], "start_line": 371}, "DatabaseClient.verify_workspace_access": {"executed_lines": [426, 427, 428, 430, 431, 432, 438, 439, 441, 442, 443, 447, 448, 449, 484, 485, 486, 487], "summary": {"covered_lines": 18, "num_statements": 36, "percent_covered": 50.0, "percent_covered_display": "50", "missing_lines": 18, "excluded_lines": 0, "percent_statements_covered": 50.0, "percent_statements_covered_display": "50"}, "missing_lines": [433, 434, 435, 436, 437, 454, 462, 463, 464, 469, 470, 475, 477, 478, 479, 480, 481, 483], "excluded_lines": [], "start_line": 418}, "DatabaseClient._assert_role": {"executed_lines": [493, 496, 497, 498, 499], "summary": {"covered_lines": 5, "num_statements": 6, "percent_covered": 83.33333333333333, "percent_covered_display": "83", "missing_lines": 1, "excluded_lines": 0, "percent_statements_covered": 83.33333333333333, "percent_statements_covered_display": "83"}, "missing_lines": [494], "excluded_lines": [], "start_line": 490}, "DatabaseClient.user_has_workspace_access": {"executed_lines": [], "summary": {"covered_lines": 0, "num_statements": 5, "percent_covered": 0.0, "percent_covered_display": "0", "missing_lines": 5, "excluded_lines": 0, "percent_statements_covered": 0.0, "percent_statements_covered_display": "0"}, "missing_lines": [507, 508, 509, 510, 511], "excluded_lines": [], "start_line": 504}, "DatabaseClient.list_channels": {"executed_lines": [], "summary": {"covered_lines": 0, "num_statements": 3, "percent_covered": 0.0, "percent_covered_display": "0", "missing_lines": 3, "excluded_lines": 0, "percent_statements_covered": 0.0, "percent_statements_covered_display": "0"}, "missing_lines": [516, 517, 524], "excluded_lines": [], "start_line": 513}, "DatabaseClient.create_channel": {"executed_lines": [], "summary": {"covered_lines": 0, "num_statements": 5, "percent_covered": 0.0, "percent_covered_display": "0", "missing_lines": 5, "excluded_lines": 0, "percent_statements_covered": 0.0, "percent_statements_covered_display": "0"}, "missing_lines": [538, 539, 549, 550, 551], "excluded_lines": [], "start_line": 526}, "DatabaseClient.get_channel": {"executed_lines": [556, 557], "summary": {"covered_lines": 2, "num_statements": 4, "percent_covered": 50.0, "percent_covered_display": "50", "missing_lines": 2, "excluded_lines": 0, "percent_statements_covered": 50.0, "percent_statements_covered_display": "50"}, "missing_lines": [564, 565], "excluded_lines": [], "start_line": 553}, "DatabaseClient.list_messages": {"executed_lines": [], "summary": {"covered_lines": 0, "num_statements": 19, "percent_covered": 0.0, "percent_covered_display": "0", "missing_lines": 19, "excluded_lines": 0, "percent_statements_covered": 0.0, "percent_statements_covered_display": "0"}, "missing_lines": [576, 577, 579, 588, 589, 597, 598, 599, 600, 607, 608, 610, 611, 612, 613, 615, 616, 617, 619], "excluded_lines": [], "start_line": 567}, "DatabaseClient.create_message": {"executed_lines": [], "summary": {"covered_lines": 0, "num_statements": 5, "percent_covered": 0.0, "percent_covered_display": "0", "missing_lines": 5, "excluded_lines": 0, "percent_statements_covered": 0.0, "percent_statements_covered_display": "0"}, "missing_lines": [633, 634, 645, 646, 647], "excluded_lines": [], "start_line": 621}, "DatabaseClient.get_message_by_id": {"executed_lines": [], "summary": {"covered_lines": 0, "num_statements": 4, "percent_covered": 0.0, "percent_covered_display": "0", "missing_lines": 4, "excluded_lines": 0, "percent_statements_covered": 0.0, "percent_statements_covered_display": "0"}, "missing_lines": [652, 653, 660, 661], "excluded_lines": [], "start_line": 649}, "DatabaseClient.edit_message": {"executed_lines": [], "summary": {"covered_lines": 0, "num_statements": 10, "percent_covered": 0.0, "percent_covered_display": "0", "missing_lines": 10, "excluded_lines": 0, "percent_statements_covered": 0.0, "percent_statements_covered_display": "0"}, "missing_lines": [666, 667, 668, 669, 671, 672, 674, 688, 694, 695], "excluded_lines": [], "start_line": 663}, "DatabaseClient.soft_delete_message": {"executed_lines": [], "summary": {"covered_lines": 0, "num_statements": 4, "percent_covered": 0.0, "percent_covered_display": "0", "missing_lines": 4, "excluded_lines": 0, "percent_statements_covered": 0.0, "percent_statements_covered_display": "0"}, "missing_lines": [700, 701, 707, 708], "excluded_lines": [], "start_line": 697}, "DatabaseClient.get_last_n_messages": {"executed_lines": [], "summary": {"covered_lines": 0, "num_statements": 5, "percent_covered": 0.0, "percent_covered_display": "0", "missing_lines": 5, "excluded_lines": 0, "percent_statements_covered": 0.0, "percent_statements_covered_display": "0"}, "missing_lines": [713, 714, 723, 724, 725], "excluded_lines": [], "start_line": 710}, "DatabaseClient.list_active_channel_ids": {"executed_lines": [], "summary": {"covered_lines": 0, "num_statements": 5, "percent_covered": 0.0, "percent_covered_display": "0", "missing_lines": 5, "excluded_lines": 0, "percent_statements_covered": 0.0, "percent_statements_covered_display": "0"}, "missing_lines": [730, 731, 732, 736, 737], "excluded_lines": [], "start_line": 727}, "DatabaseClient.save_pulse_snapshot": {"executed_lines": [], "summary": {"covered_lines": 0, "num_statements": 5, "percent_covered": 0.0, "percent_covered_display": "0", "missing_lines": 5, "excluded_lines": 0, "percent_statements_covered": 0.0, "percent_statements_covered_display": "0"}, "missing_lines": [742, 743, 749, 753, 754], "excluded_lines": [], "start_line": 739}, "DatabaseClient.pulse_snapshot_exists_for_minute": {"executed_lines": [], "summary": {"covered_lines": 0, "num_statements": 4, "percent_covered": 0.0, "percent_covered_display": "0", "missing_lines": 4, "excluded_lines": 0, "percent_statements_covered": 0.0, "percent_statements_covered_display": "0"}, "missing_lines": [759, 760, 768, 769], "excluded_lines": [], "start_line": 756}, "DatabaseClient.mark_pulse_snapshot_run": {"executed_lines": [], "summary": {"covered_lines": 0, "num_statements": 2, "percent_covered": 0.0, "percent_covered_display": "0", "missing_lines": 2, "excluded_lines": 0, "percent_statements_covered": 0.0, "percent_statements_covered_display": "0"}, "missing_lines": [774, 775], "excluded_lines": [], "start_line": 771}, "DatabaseClient.get_pulse_snapshot": {"executed_lines": [], "summary": {"covered_lines": 0, "num_statements": 4, "percent_covered": 0.0, "percent_covered_display": "0", "missing_lines": 4, "excluded_lines": 0, "percent_statements_covered": 0.0, "percent_statements_covered_display": "0"}, "missing_lines": [791, 792, 799, 800], "excluded_lines": [], "start_line": 788}, "DatabaseClient._compute_carbon_from_kg": {"executed_lines": [806, 807], "summary": {"covered_lines": 2, "num_statements": 2, "percent_covered": 100.0, "percent_covered_display": "100", "missing_lines": 0, "excluded_lines": 0, "percent_statements_covered": 100.0, "percent_statements_covered_display": "100"}, "missing_lines": [], "excluded_lines": [], "start_line": 803}, "DatabaseClient.count_daily_carbon_logs": {"executed_lines": [], "summary": {"covered_lines": 0, "num_statements": 6, "percent_covered": 0.0, "percent_covered_display": "0", "missing_lines": 6, "excluded_lines": 0, "percent_statements_covered": 0.0, "percent_statements_covered_display": "0"}, "missing_lines": [812, 813, 814, 816, 825, 826], "excluded_lines": [], "start_line": 809}, "DatabaseClient.create_carbon_log": {"executed_lines": [840, 841, 844, 845, 847, 848, 850, 852, 855, 856, 857, 858, 860, 861, 862, 864, 875, 876, 878, 879, 880, 881, 882, 884, 890, 894, 895, 897, 898, 904], "summary": {"covered_lines": 30, "num_statements": 40, "percent_covered": 75.0, "percent_covered_display": "75", "missing_lines": 10, "excluded_lines": 0, "percent_statements_covered": 75.0, "percent_statements_covered_display": "75"}, "missing_lines": [842, 846, 851, 853, 906, 916, 917, 918, 920, 926], "excluded_lines": [], "start_line": 828}, "DatabaseClient._increment_carbon_score": {"executed_lines": [], "summary": {"covered_lines": 0, "num_statements": 8, "percent_covered": 0.0, "percent_covered_display": "0", "missing_lines": 8, "excluded_lines": 0, "percent_statements_covered": 0.0, "percent_statements_covered_display": "0"}, "missing_lines": [938, 939, 947, 949, 950, 951, 956, 964], "excluded_lines": [], "start_line": 928}, "DatabaseClient.get_carbon_leaderboard": {"executed_lines": [], "summary": {"covered_lines": 0, "num_statements": 9, "percent_covered": 0.0, "percent_covered_display": "0", "missing_lines": 9, "excluded_lines": 0, "percent_statements_covered": 0.0, "percent_statements_covered_display": "0"}, "missing_lines": [980, 981, 990, 992, 993, 994, 995, 996, 1004], "excluded_lines": [], "start_line": 977}, "DatabaseClient.recalculate_carbon_leaderboard": {"executed_lines": [], "summary": {"covered_lines": 0, "num_statements": 28, "percent_covered": 0.0, "percent_covered_display": "0", "missing_lines": 28, "excluded_lines": 0, "percent_statements_covered": 0.0, "percent_statements_covered_display": "0"}, "missing_lines": [1009, 1010, 1011, 1012, 1014, 1015, 1017, 1018, 1019, 1020, 1021, 1022, 1023, 1024, 1025, 1026, 1027, 1028, 1030, 1031, 1033, 1034, 1035, 1036, 1045, 1046, 1050, 1052], "excluded_lines": [], "start_line": 1006}, "DatabaseClient.create_mesh_node": {"executed_lines": [], "summary": {"covered_lines": 0, "num_statements": 5, "percent_covered": 0.0, "percent_covered_display": "0", "missing_lines": 5, "excluded_lines": 0, "percent_statements_covered": 0.0, "percent_statements_covered_display": "0"}, "missing_lines": [1057, 1058, 1067, 1068, 1069], "excluded_lines": [], "start_line": 1054}, "DatabaseClient.list_mesh_nodes": {"executed_lines": [], "summary": {"covered_lines": 0, "num_statements": 4, "percent_covered": 0.0, "percent_covered_display": "0", "missing_lines": 4, "excluded_lines": 0, "percent_statements_covered": 0.0, "percent_statements_covered_display": "0"}, "missing_lines": [1074, 1075, 1082, 1083], "excluded_lines": [], "start_line": 1071}, "DatabaseClient.get_mesh_node": {"executed_lines": [], "summary": {"covered_lines": 0, "num_statements": 4, "percent_covered": 0.0, "percent_covered_display": "0", "missing_lines": 4, "excluded_lines": 0, "percent_statements_covered": 0.0, "percent_statements_covered_display": "0"}, "missing_lines": [1088, 1089, 1096, 1097], "excluded_lines": [], "start_line": 1085}, "DatabaseClient.revoke_mesh_node": {"executed_lines": [], "summary": {"covered_lines": 0, "num_statements": 4, "percent_covered": 0.0, "percent_covered_display": "0", "missing_lines": 4, "excluded_lines": 0, "percent_statements_covered": 0.0, "percent_statements_covered_display": "0"}, "missing_lines": [1102, 1103, 1110, 1111], "excluded_lines": [], "start_line": 1099}, "DatabaseClient.update_mesh_node_last_seen": {"executed_lines": [1116, 1117], "summary": {"covered_lines": 2, "num_statements": 2, "percent_covered": 100.0, "percent_covered_display": "100", "missing_lines": 0, "excluded_lines": 0, "percent_statements_covered": 100.0, "percent_statements_covered_display": "100"}, "missing_lines": [], "excluded_lines": [], "start_line": 1113}, "DatabaseClient.sync_mesh_messages": {"executed_lines": [], "summary": {"covered_lines": 0, "num_statements": 16, "percent_covered": 0.0, "percent_covered_display": "0", "missing_lines": 16, "excluded_lines": 0, "percent_statements_covered": 0.0, "percent_statements_covered_display": "0"}, "missing_lines": [1127, 1128, 1130, 1131, 1132, 1133, 1134, 1135, 1136, 1137, 1139, 1140, 1160, 1161, 1163, 1167], "excluded_lines": [], "start_line": 1124}, "": {"executed_lines": [3, 5, 6, 7, 8, 9, 10, 11, 12, 14, 15, 16, 18, 19, 21, 23, 24, 25, 26, 27, 28, 29, 44, 45, 46, 47, 48, 49, 50, 51, 54, 55, 56, 57, 58, 59, 60, 61, 62, 63, 64, 65, 66, 69, 70, 71, 72, 73, 76, 77, 78, 79, 80, 81, 82, 83, 86, 87, 90, 91, 92, 95, 98, 103, 116, 133, 134, 140, 141, 148, 149, 154, 163, 164, 173, 185, 215, 222, 249, 265, 290, 307, 334, 348, 359, 371, 418, 489, 490, 504, 513, 526, 553, 567, 621, 649, 663, 697, 710, 727, 739, 756, 771, 788, 802, 803, 809, 828, 928, 977, 1006, 1054, 1071, 1085, 1099, 1113, 1124, 1171, 1174], "summary": {"covered_lines": 119, "num_statements": 119, "percent_covered": 100.0, "percent_covered_display": "100", "missing_lines": 0, "excluded_lines": 0, "percent_statements_covered": 100.0, "percent_statements_covered_display": "100"}, "missing_lines": [], "excluded_lines": [], "start_line": 1}}, "classes": {"UserRow": {"executed_lines": [], "summary": {"covered_lines": 0, "num_statements": 0, "percent_covered": 100.0, "percent_covered_display": "100", "missing_lines": 0, "excluded_lines": 0, "percent_statements_covered": 100.0, "percent_statements_covered_display": "100"}, "missing_lines": [], "excluded_lines": [], "start_line": 44}, "MessageRow": {"executed_lines": [], "summary": {"covered_lines": 0, "num_statements": 0, "percent_covered": 100.0, "percent_covered_display": "100", "missing_lines": 0, "excluded_lines": 0, "percent_statements_covered": 100.0, "percent_statements_covered_display": "100"}, "missing_lines": [], "excluded_lines": [], "start_line": 54}, "WorkspaceMemberRow": {"executed_lines": [], "summary": {"covered_lines": 0, "num_statements": 0, "percent_covered": 100.0, "percent_covered_display": "100", "missing_lines": 0, "excluded_lines": 0, "percent_statements_covered": 100.0, "percent_statements_covered_display": "100"}, "missing_lines": [], "excluded_lines": [], "start_line": 69}, "CarbonLogRow": {"executed_lines": [], "summary": {"covered_lines": 0, "num_statements": 0, "percent_covered": 100.0, "percent_covered_display": "100", "missing_lines": 0, "excluded_lines": 0, "percent_statements_covered": 100.0, "percent_statements_covered_display": "100"}, "missing_lines": [], "excluded_lines": [], "start_line": 76}, "WorkspaceMember": {"executed_lines": [], "summary": {"covered_lines": 0, "num_statements": 0, "percent_covered": 100.0, "percent_covered_display": "100", "missing_lines": 0, "excluded_lines": 0, "percent_statements_covered": 100.0, "percent_statements_covered_display": "100"}, "missing_lines": [], "excluded_lines": [], "start_line": 87}, "DatabaseClient": {"executed_lines": [99, 100, 101, 106, 107, 109, 110, 111, 112, 114, 119, 122, 123, 124, 131, 137, 138, 152, 157, 158, 159, 161, 167, 168, 176, 177, 178, 181, 182, 183, 188, 189, 191, 192, 193, 194, 195, 218, 219, 220, 275, 276, 277, 278, 279, 281, 284, 426, 427, 428, 430, 431, 432, 438, 439, 441, 442, 443, 447, 448, 449, 484, 485, 486, 487, 493, 496, 497, 498, 499, 556, 557, 806, 807, 840, 841, 844, 845, 847, 848, 850, 852, 855, 856, 857, 858, 860, 861, 862, 864, 875, 876, 878, 879, 880, 881, 882, 884, 890, 894, 895, 897, 898, 904, 1116, 1117], "summary": {"covered_lines": 106, "num_statements": 367, "percent_covered": 28.88283378746594, "percent_covered_display": "29", "missing_lines": 261, "excluded_lines": 0, "percent_statements_covered": 28.88283378746594, "percent_statements_covered_display": "29"}, "missing_lines": [120, 144, 145, 146, 179, 180, 197, 198, 199, 200, 202, 203, 210, 234, 235, 245, 246, 247, 252, 253, 260, 261, 262, 263, 280, 282, 288, 293, 294, 302, 303, 304, 305, 318, 319, 330, 331, 332, 337, 338, 345, 346, 351, 352, 362, 363, 383, 384, 393, 394, 395, 396, 397, 398, 399, 400, 401, 402, 403, 404, 405, 406, 407, 414, 415, 416, 433, 434, 435, 436, 437, 454, 462, 463, 464, 469, 470, 475, 477, 478, 479, 480, 481, 483, 494, 507, 508, 509, 510, 511, 516, 517, 524, 538, 539, 549, 550, 551, 564, 565, 576, 577, 579, 588, 589, 597, 598, 599, 600, 607, 608, 610, 611, 612, 613, 615, 616, 617, 619, 633, 634, 645, 646, 647, 652, 653, 660, 661, 666, 667, 668, 669, 671, 672, 674, 688, 694, 695, 700, 701, 707, 708, 713, 714, 723, 724, 725, 730, 731, 732, 736, 737, 742, 743, 749, 753, 754, 759, 760, 768, 769, 774, 775, 791, 792, 799, 800, 812, 813, 814, 816, 825, 826, 842, 846, 851, 853, 906, 916, 917, 918, 920, 926, 938, 939, 947, 949, 950, 951, 956, 964, 980, 981, 990, 992, 993, 994, 995, 996, 1004, 1009, 1010, 1011, 1012, 1014, 1015, 1017, 1018, 1019, 1020, 1021, 1022, 1023, 1024, 1025, 1026, 1027, 1028, 1030, 1031, 1033, 1034, 1035, 1036, 1045, 1046, 1050, 1052, 1057, 1058, 1067, 1068, 1069, 1074, 1075, 1082, 1083, 1088, 1089, 1096, 1097, 1102, 1103, 1110, 1111, 1127, 1128, 1130, 1131, 1132, 1133, 1134, 1135, 1136, 1137, 1139, 1140, 1160, 1161, 1163, 1167], "excluded_lines": [], "start_line": 95}, "": {"executed_lines": [3, 5, 6, 7, 8, 9, 10, 11, 12, 14, 15, 16, 18, 19, 21, 23, 24, 25, 26, 27, 28, 29, 44, 45, 46, 47, 48, 49, 50, 51, 54, 55, 56, 57, 58, 59, 60, 61, 62, 63, 64, 65, 66, 69, 70, 71, 72, 73, 76, 77, 78, 79, 80, 81, 82, 83, 86, 87, 90, 91, 92, 95, 98, 103, 116, 133, 134, 140, 141, 148, 149, 154, 163, 164, 173, 185, 215, 222, 249, 265, 290, 307, 334, 348, 359, 371, 418, 489, 490, 504, 513, 526, 553, 567, 621, 649, 663, 697, 710, 727, 739, 756, 771, 788, 802, 803, 809, 828, 928, 977, 1006, 1054, 1071, 1085, 1099, 1113, 1124, 1171, 1174], "summary": {"covered_lines": 119, "num_statements": 119, "percent_covered": 100.0, "percent_covered_display": "100", "missing_lines": 0, "excluded_lines": 0, "percent_statements_covered": 100.0, "percent_statements_covered_display": "100"}, "missing_lines": [], "excluded_lines": [], "start_line": 1}}}, "app\\main.py": {"executed_lines": [3, 5, 6, 7, 8, 9, 10, 11, 13, 14, 15, 16, 17, 18, 20, 21, 22, 23, 24, 25, 26, 27, 28, 29, 32, 35, 38, 39, 40, 43, 46, 70, 71, 74, 75, 118, 119, 121, 128, 129, 130, 133, 134, 137, 138, 139, 140, 141, 142, 152, 155, 156, 159, 160, 161, 162, 163, 166, 167, 170, 171, 172, 173, 174, 180, 182, 191, 192, 195, 203, 204, 207, 208, 209, 216, 217, 220, 221, 223, 224, 228, 229, 230, 231, 232, 234, 235, 237, 238, 240, 244, 245, 246, 248, 257, 258, 261, 264, 265, 266, 267, 268, 269, 270, 271], "summary": {"covered_lines": 105, "num_statements": 145, "percent_covered": 72.41379310344827, "percent_covered_display": "72", "missing_lines": 40, "excluded_lines": 0, "percent_statements_covered": 72.41379310344827, "percent_statements_covered_display": "72"}, "missing_lines": [78, 80, 81, 82, 84, 86, 87, 89, 90, 91, 92, 93, 94, 95, 96, 98, 100, 101, 103, 104, 105, 106, 107, 108, 110, 111, 113, 114, 115, 149, 150, 176, 177, 178, 225, 226, 233, 239, 241, 242], "excluded_lines": [], "functions": {"CustomJsonFormatter.add_fields": {"executed_lines": [38, 39, 40], "summary": {"covered_lines": 3, "num_statements": 3, "percent_covered": 100.0, "percent_covered_display": "100", "missing_lines": 0, "excluded_lines": 0, "percent_statements_covered": 100.0, "percent_statements_covered_display": "100"}, "missing_lines": [], "excluded_lines": [], "start_line": 35}, "configure_logging": {"executed_lines": [46], "summary": {"covered_lines": 1, "num_statements": 1, "percent_covered": 100.0, "percent_covered_display": "100", "missing_lines": 0, "excluded_lines": 0, "percent_statements_covered": 100.0, "percent_statements_covered_display": "100"}, "missing_lines": [], "excluded_lines": [], "start_line": 43}, "lifespan": {"executed_lines": [], "summary": {"covered_lines": 0, "num_statements": 22, "percent_covered": 0.0, "percent_covered_display": "0", "missing_lines": 22, "excluded_lines": 0, "percent_statements_covered": 0.0, "percent_statements_covered_display": "0"}, "missing_lines": [78, 80, 81, 82, 84, 86, 87, 89, 98, 100, 101, 103, 104, 105, 106, 107, 108, 110, 111, 113, 114, 115], "excluded_lines": [], "start_line": 75}, "lifespan._metrics_loop": {"executed_lines": [], "summary": {"covered_lines": 0, "num_statements": 7, "percent_covered": 0.0, "percent_covered_display": "0", "missing_lines": 7, "excluded_lines": 0, "percent_statements_covered": 0.0, "percent_statements_covered_display": "0"}, "missing_lines": [90, 91, 92, 93, 94, 95, 96], "excluded_lines": [], "start_line": 89}, "limit_request_size": {"executed_lines": [137, 138, 139, 140, 141, 142, 152], "summary": {"covered_lines": 7, "num_statements": 9, "percent_covered": 77.77777777777777, "percent_covered_display": "78", "missing_lines": 2, "excluded_lines": 0, "percent_statements_covered": 77.77777777777777, "percent_statements_covered_display": "78"}, "missing_lines": [149, 150], "excluded_lines": [], "start_line": 134}, "security_headers_middleware": {"executed_lines": [159, 160, 161, 162, 163], "summary": {"covered_lines": 5, "num_statements": 5, "percent_covered": 100.0, "percent_covered_display": "100", "missing_lines": 0, "excluded_lines": 0, "percent_statements_covered": 100.0, "percent_statements_covered_display": "100"}, "missing_lines": [], "excluded_lines": [], "start_line": 156}, "http_exception_handler": {"executed_lines": [170, 171, 172, 173, 174, 180, 182], "summary": {"covered_lines": 7, "num_statements": 10, "percent_covered": 70.0, "percent_covered_display": "70", "missing_lines": 3, "excluded_lines": 0, "percent_statements_covered": 70.0, "percent_statements_covered_display": "70"}, "missing_lines": [176, 177, 178], "excluded_lines": [], "start_line": 167}, "request_validation_exception_handler": {"executed_lines": [195], "summary": {"covered_lines": 1, "num_statements": 1, "percent_covered": 100.0, "percent_covered_display": "100", "missing_lines": 0, "excluded_lines": 0, "percent_statements_covered": 100.0, "percent_statements_covered_display": "100"}, "missing_lines": [], "excluded_lines": [], "start_line": 192}, "unhandled_exception_handler": {"executed_lines": [207, 208, 209], "summary": {"covered_lines": 3, "num_statements": 3, "percent_covered": 100.0, "percent_covered_display": "100", "missing_lines": 0, "excluded_lines": 0, "percent_statements_covered": 100.0, "percent_statements_covered_display": "100"}, "missing_lines": [], "excluded_lines": [], "start_line": 204}, "health": {"executed_lines": [220, 221, 223, 224, 228, 229, 230, 231, 232, 234, 235, 237, 238, 240, 244, 245, 246, 248], "summary": {"covered_lines": 18, "num_statements": 24, "percent_covered": 75.0, "percent_covered_display": "75", "missing_lines": 6, "excluded_lines": 0, "percent_statements_covered": 75.0, "percent_statements_covered_display": "75"}, "missing_lines": [225, 226, 233, 239, 241, 242], "excluded_lines": [], "start_line": 217}, "metrics": {"executed_lines": [261], "summary": {"covered_lines": 1, "num_statements": 1, "percent_covered": 100.0, "percent_covered_display": "100", "missing_lines": 0, "excluded_lines": 0, "percent_statements_covered": 100.0, "percent_statements_covered_display": "100"}, "missing_lines": [], "excluded_lines": [], "start_line": 258}, "": {"executed_lines": [3, 5, 6, 7, 8, 9, 10, 11, 13, 14, 15, 16, 17, 18, 20, 21, 22, 23, 24, 25, 26, 27, 28, 29, 32, 35, 43, 70, 71, 74, 75, 118, 119, 121, 128, 129, 130, 133, 134, 155, 156, 166, 167, 191, 192, 203, 204, 216, 217, 257, 258, 264, 265, 266, 267, 268, 269, 270, 271], "summary": {"covered_lines": 59, "num_statements": 59, "percent_covered": 100.0, "percent_covered_display": "100", "missing_lines": 0, "excluded_lines": 0, "percent_statements_covered": 100.0, "percent_statements_covered_display": "100"}, "missing_lines": [], "excluded_lines": [], "start_line": 1}}, "classes": {"CustomJsonFormatter": {"executed_lines": [38, 39, 40], "summary": {"covered_lines": 3, "num_statements": 3, "percent_covered": 100.0, "percent_covered_display": "100", "missing_lines": 0, "excluded_lines": 0, "percent_statements_covered": 100.0, "percent_statements_covered_display": "100"}, "missing_lines": [], "excluded_lines": [], "start_line": 32}, "": {"executed_lines": [3, 5, 6, 7, 8, 9, 10, 11, 13, 14, 15, 16, 17, 18, 20, 21, 22, 23, 24, 25, 26, 27, 28, 29, 32, 35, 43, 46, 70, 71, 74, 75, 118, 119, 121, 128, 129, 130, 133, 134, 137, 138, 139, 140, 141, 142, 152, 155, 156, 159, 160, 161, 162, 163, 166, 167, 170, 171, 172, 173, 174, 180, 182, 191, 192, 195, 203, 204, 207, 208, 209, 216, 217, 220, 221, 223, 224, 228, 229, 230, 231, 232, 234, 235, 237, 238, 240, 244, 245, 246, 248, 257, 258, 261, 264, 265, 266, 267, 268, 269, 270, 271], "summary": {"covered_lines": 102, "num_statements": 142, "percent_covered": 71.83098591549296, "percent_covered_display": "72", "missing_lines": 40, "excluded_lines": 0, "percent_statements_covered": 71.83098591549296, "percent_statements_covered_display": "72"}, "missing_lines": [78, 80, 81, 82, 84, 86, 87, 89, 90, 91, 92, 93, 94, 95, 96, 98, 100, 101, 103, 104, 105, 106, 107, 108, 110, 111, 113, 114, 115, 149, 150, 176, 177, 178, 225, 226, 233, 239, 241, 242], "excluded_lines": [], "start_line": 1}}}, "app\\metrics.py": {"executed_lines": [3, 5, 6, 7, 9, 10, 11, 12, 13, 15, 18, 23, 28, 33, 38, 43, 48, 53, 59, 63, 68, 73, 79, 85, 93, 96, 99, 102, 103, 104, 105, 107, 108, 109, 110, 112, 113, 114, 115, 117, 118, 120, 121, 122, 123, 125, 128, 131, 134], "summary": {"covered_lines": 49, "num_statements": 61, "percent_covered": 80.32786885245902, "percent_covered_display": "80", "missing_lines": 12, "excluded_lines": 0, "percent_statements_covered": 80.32786885245902, "percent_statements_covered_display": "80"}, "missing_lines": [137, 138, 139, 140, 141, 142, 144, 145, 146, 147, 149, 150], "excluded_lines": [], "functions": {"hash_identifier": {"executed_lines": [96], "summary": {"covered_lines": 1, "num_statements": 1, "percent_covered": 100.0, "percent_covered_display": "100", "missing_lines": 0, "excluded_lines": 0, "percent_statements_covered": 100.0, "percent_statements_covered_display": "100"}, "missing_lines": [], "excluded_lines": [], "start_line": 93}, "MetricsMiddleware.dispatch": {"executed_lines": [103, 104, 105, 107, 108, 109, 110, 112, 113, 114, 115, 117, 118, 120, 121, 122, 123, 125], "summary": {"covered_lines": 18, "num_statements": 18, "percent_covered": 100.0, "percent_covered_display": "100", "missing_lines": 0, "excluded_lines": 0, "percent_statements_covered": 100.0, "percent_statements_covered_display": "100"}, "missing_lines": [], "excluded_lines": [], "start_line": 102}, "metrics_response": {"executed_lines": [131], "summary": {"covered_lines": 1, "num_statements": 1, "percent_covered": 100.0, "percent_covered_display": "100", "missing_lines": 0, "excluded_lines": 0, "percent_statements_covered": 100.0, "percent_statements_covered_display": "100"}, "missing_lines": [], "excluded_lines": [], "start_line": 128}, "refresh_infra_metrics": {"executed_lines": [], "summary": {"covered_lines": 0, "num_statements": 12, "percent_covered": 0.0, "percent_covered_display": "0", "missing_lines": 12, "excluded_lines": 0, "percent_statements_covered": 0.0, "percent_statements_covered_display": "0"}, "missing_lines": [137, 138, 139, 140, 141, 142, 144, 145, 146, 147, 149, 150], "excluded_lines": [], "start_line": 134}, "": {"executed_lines": [3, 5, 6, 7, 9, 10, 11, 12, 13, 15, 18, 23, 28, 33, 38, 43, 48, 53, 59, 63, 68, 73, 79, 85, 93, 99, 102, 128, 134], "summary": {"covered_lines": 29, "num_statements": 29, "percent_covered": 100.0, "percent_covered_display": "100", "missing_lines": 0, "excluded_lines": 0, "percent_statements_covered": 100.0, "percent_statements_covered_display": "100"}, "missing_lines": [], "excluded_lines": [], "start_line": 1}}, "classes": {"MetricsMiddleware": {"executed_lines": [103, 104, 105, 107, 108, 109, 110, 112, 113, 114, 115, 117, 118, 120, 121, 122, 123, 125], "summary": {"covered_lines": 18, "num_statements": 18, "percent_covered": 100.0, "percent_covered_display": "100", "missing_lines": 0, "excluded_lines": 0, "percent_statements_covered": 100.0, "percent_statements_covered_display": "100"}, "missing_lines": [], "excluded_lines": [], "start_line": 99}, "": {"executed_lines": [3, 5, 6, 7, 9, 10, 11, 12, 13, 15, 18, 23, 28, 33, 38, 43, 48, 53, 59, 63, 68, 73, 79, 85, 93, 96, 99, 102, 128, 131, 134], "summary": {"covered_lines": 31, "num_statements": 43, "percent_covered": 72.09302325581395, "percent_covered_display": "72", "missing_lines": 12, "excluded_lines": 0, "percent_statements_covered": 72.09302325581395, "percent_statements_covered_display": "72"}, "missing_lines": [137, 138, 139, 140, 141, 142, 144, 145, 146, 147, 149, 150], "excluded_lines": [], "start_line": 1}}}, "app\\middleware\\__init__.py": {"executed_lines": [], "summary": {"covered_lines": 0, "num_statements": 0, "percent_covered": 100.0, "percent_covered_display": "100", "missing_lines": 0, "excluded_lines": 0, "percent_statements_covered": 100.0, "percent_statements_covered_display": "100"}, "missing_lines": [], "excluded_lines": [], "functions": {"": {"executed_lines": [], "summary": {"covered_lines": 0, "num_statements": 0, "percent_covered": 100.0, "percent_covered_display": "100", "missing_lines": 0, "excluded_lines": 0, "percent_statements_covered": 100.0, "percent_statements_covered_display": "100"}, "missing_lines": [], "excluded_lines": [], "start_line": 1}}, "classes": {"": {"executed_lines": [], "summary": {"covered_lines": 0, "num_statements": 0, "percent_covered": 100.0, "percent_covered_display": "100", "missing_lines": 0, "excluded_lines": 0, "percent_statements_covered": 100.0, "percent_statements_covered_display": "100"}, "missing_lines": [], "excluded_lines": [], "start_line": 1}}}, "app\\middleware\\auth.py": {"executed_lines": [3, 5, 6, 7, 8, 10, 11, 12, 13, 15, 16, 18, 20, 33, 36, 37, 40, 41, 42, 44, 47, 48, 50, 51, 53, 54, 55, 56, 58, 59, 60, 67, 68, 76, 77, 83, 84, 90, 91, 92, 99, 100, 101, 102, 110, 111, 118, 119, 121, 122, 123], "summary": {"covered_lines": 51, "num_statements": 53, "percent_covered": 96.22641509433963, "percent_covered_display": "96", "missing_lines": 2, "excluded_lines": 0, "percent_statements_covered": 96.22641509433963, "percent_statements_covered_display": "96"}, "missing_lines": [69, 103], "excluded_lines": [], "functions": {"AuthMiddleware._error_with_request_id": {"executed_lines": [40, 41, 42], "summary": {"covered_lines": 3, "num_statements": 3, "percent_covered": 100.0, "percent_covered_display": "100", "missing_lines": 0, "excluded_lines": 0, "percent_statements_covered": 100.0, "percent_statements_covered_display": "100"}, "missing_lines": [], "excluded_lines": [], "start_line": 37}, "AuthMiddleware.dispatch": {"executed_lines": [47, 48, 50, 51, 53, 54, 55, 56, 58, 59, 60, 67, 68, 76, 77, 83, 84, 90, 91, 92, 99, 100, 101, 102, 110, 111, 118, 119, 121, 122, 123], "summary": {"covered_lines": 31, "num_statements": 33, "percent_covered": 93.93939393939394, "percent_covered_display": "94", "missing_lines": 2, "excluded_lines": 0, "percent_statements_covered": 93.93939393939394, "percent_statements_covered_display": "94"}, "missing_lines": [69, 103], "excluded_lines": [], "start_line": 44}, "": {"executed_lines": [3, 5, 6, 7, 8, 10, 11, 12, 13, 15, 16, 18, 20, 33, 36, 37, 44], "summary": {"covered_lines": 17, "num_statements": 17, "percent_covered": 100.0, "percent_covered_display": "100", "missing_lines": 0, "excluded_lines": 0, "percent_statements_covered": 100.0, "percent_statements_covered_display": "100"}, "missing_lines": [], "excluded_lines": [], "start_line": 1}}, "classes": {"AuthMiddleware": {"executed_lines": [40, 41, 42, 47, 48, 50, 51, 53, 54, 55, 56, 58, 59, 60, 67, 68, 76, 77, 83, 84, 90, 91, 92, 99, 100, 101, 102, 110, 111, 118, 119, 121, 122, 123], "summary": {"covered_lines": 34, "num_statements": 36, "percent_covered": 94.44444444444444, "percent_covered_display": "94", "missing_lines": 2, "excluded_lines": 0, "percent_statements_covered": 94.44444444444444, "percent_statements_covered_display": "94"}, "missing_lines": [69, 103], "excluded_lines": [], "start_line": 33}, "": {"executed_lines": [3, 5, 6, 7, 8, 10, 11, 12, 13, 15, 16, 18, 20, 33, 36, 37, 44], "summary": {"covered_lines": 17, "num_statements": 17, "percent_covered": 100.0, "percent_covered_display": "100", "missing_lines": 0, "excluded_lines": 0, "percent_statements_covered": 100.0, "percent_statements_covered_display": "100"}, "missing_lines": [], "excluded_lines": [], "start_line": 1}}}, "app\\middleware\\rate_limit.py": {"executed_lines": [3, 5, 6, 7, 8, 9, 10, 12, 13, 15, 16, 18, 20, 37, 40, 41, 44, 45, 46, 47, 49, 50, 53, 60, 63, 64, 65, 66, 67, 68, 70, 84, 85, 87, 88, 89, 90, 91, 92, 93, 94, 96, 102, 103, 105, 106, 107, 108, 109, 110, 119, 121, 124, 125, 127, 128, 129, 136, 138, 141, 144, 145, 146, 149, 160, 161, 162, 164, 165, 166, 168, 169, 170, 199, 201, 202, 203, 207, 219, 222, 223, 231, 234, 235, 243, 246, 247, 255, 258, 259, 262, 265, 266, 267, 268, 269, 270, 273], "summary": {"covered_lines": 98, "num_statements": 114, "percent_covered": 85.96491228070175, "percent_covered_display": "86", "missing_lines": 16, "excluded_lines": 0, "percent_statements_covered": 85.96491228070175, "percent_statements_covered_display": "86"}, "missing_lines": [142, 147, 171, 172, 173, 175, 181, 182, 184, 185, 186, 187, 188, 189, 198, 200], "excluded_lines": [], "functions": {"RateLimitBucket.headers": {"executed_lines": [53], "summary": {"covered_lines": 1, "num_statements": 1, "percent_covered": 100.0, "percent_covered_display": "100", "missing_lines": 0, "excluded_lines": 0, "percent_statements_covered": 100.0, "percent_statements_covered_display": "100"}, "missing_lines": [], "excluded_lines": [], "start_line": 50}, "SlidingWindowRateLimiter.__init__": {"executed_lines": [64, 65, 66, 67, 68], "summary": {"covered_lines": 5, "num_statements": 5, "percent_covered": 100.0, "percent_covered_display": "100", "missing_lines": 0, "excluded_lines": 0, "percent_statements_covered": 100.0, "percent_statements_covered_display": "100"}, "missing_lines": [], "excluded_lines": [], "start_line": 63}, "SlidingWindowRateLimiter._enforce_fallback": {"executed_lines": [84, 85, 87, 88, 89, 90, 91, 92, 93, 94, 96, 102, 103, 105, 106, 107, 108, 109, 110, 119], "summary": {"covered_lines": 20, "num_statements": 20, "percent_covered": 100.0, "percent_covered_display": "100", "missing_lines": 0, "excluded_lines": 0, "percent_statements_covered": 100.0, "percent_statements_covered_display": "100"}, "missing_lines": [], "excluded_lines": [], "start_line": 70}, "SlidingWindowRateLimiter._get_redis": {"executed_lines": [124, 125, 127, 128, 129, 136], "summary": {"covered_lines": 6, "num_statements": 6, "percent_covered": 100.0, "percent_covered_display": "100", "missing_lines": 0, "excluded_lines": 0, "percent_statements_covered": 100.0, "percent_statements_covered_display": "100"}, "missing_lines": [], "excluded_lines": [], "start_line": 121}, "SlidingWindowRateLimiter._load_script_if_needed": {"executed_lines": [141, 144, 145, 146], "summary": {"covered_lines": 4, "num_statements": 6, "percent_covered": 66.66666666666667, "percent_covered_display": "67", "missing_lines": 2, "excluded_lines": 0, "percent_statements_covered": 66.66666666666667, "percent_statements_covered_display": "67"}, "missing_lines": [142, 147], "excluded_lines": [], "start_line": 138}, "SlidingWindowRateLimiter.enforce": {"executed_lines": [160, 161, 162, 164, 165, 166, 168, 169, 170, 199, 201, 202, 203, 207], "summary": {"covered_lines": 14, "num_statements": 28, "percent_covered": 50.0, "percent_covered_display": "50", "missing_lines": 14, "excluded_lines": 0, "percent_statements_covered": 50.0, "percent_statements_covered_display": "50"}, "missing_lines": [171, 172, 173, 175, 181, 182, 184, 185, 186, 187, 188, 189, 198, 200], "excluded_lines": [], "start_line": 149}, "auth_rate_limit_dependency": {"executed_lines": [222, 223], "summary": {"covered_lines": 2, "num_statements": 2, "percent_covered": 100.0, "percent_covered_display": "100", "missing_lines": 0, "excluded_lines": 0, "percent_statements_covered": 100.0, "percent_statements_covered_display": "100"}, "missing_lines": [], "excluded_lines": [], "start_line": 219}, "messages_rate_limit_dependency": {"executed_lines": [234, 235], "summary": {"covered_lines": 2, "num_statements": 2, "percent_covered": 100.0, "percent_covered_display": "100", "missing_lines": 0, "excluded_lines": 0, "percent_statements_covered": 100.0, "percent_statements_covered_display": "100"}, "missing_lines": [], "excluded_lines": [], "start_line": 231}, "translate_rate_limit_dependency": {"executed_lines": [246, 247], "summary": {"covered_lines": 2, "num_statements": 2, "percent_covered": 100.0, "percent_covered_display": "100", "missing_lines": 0, "excluded_lines": 0, "percent_statements_covered": 100.0, "percent_statements_covered_display": "100"}, "missing_lines": [], "excluded_lines": [], "start_line": 243}, "public_rate_limit_dependency": {"executed_lines": [258, 259], "summary": {"covered_lines": 2, "num_statements": 2, "percent_covered": 100.0, "percent_covered_display": "100", "missing_lines": 0, "excluded_lines": 0, "percent_statements_covered": 100.0, "percent_statements_covered_display": "100"}, "missing_lines": [], "excluded_lines": [], "start_line": 255}, "_extract_source_ip": {"executed_lines": [265, 266, 267, 268, 269, 270], "summary": {"covered_lines": 6, "num_statements": 6, "percent_covered": 100.0, "percent_covered_display": "100", "missing_lines": 0, "excluded_lines": 0, "percent_statements_covered": 100.0, "percent_statements_covered_display": "100"}, "missing_lines": [], "excluded_lines": [], "start_line": 262}, "": {"executed_lines": [3, 5, 6, 7, 8, 9, 10, 12, 13, 15, 16, 18, 20, 37, 40, 41, 44, 45, 46, 47, 49, 50, 60, 63, 70, 121, 138, 149, 219, 231, 243, 255, 262, 273], "summary": {"covered_lines": 34, "num_statements": 34, "percent_covered": 100.0, "percent_covered_display": "100", "missing_lines": 0, "excluded_lines": 0, "percent_statements_covered": 100.0, "percent_statements_covered_display": "100"}, "missing_lines": [], "excluded_lines": [], "start_line": 1}}, "classes": {"RateLimitBucket": {"executed_lines": [53], "summary": {"covered_lines": 1, "num_statements": 1, "percent_covered": 100.0, "percent_covered_display": "100", "missing_lines": 0, "excluded_lines": 0, "percent_statements_covered": 100.0, "percent_statements_covered_display": "100"}, "missing_lines": [], "excluded_lines": [], "start_line": 41}, "SlidingWindowRateLimiter": {"executed_lines": [64, 65, 66, 67, 68, 84, 85, 87, 88, 89, 90, 91, 92, 93, 94, 96, 102, 103, 105, 106, 107, 108, 109, 110, 119, 124, 125, 127, 128, 129, 136, 141, 144, 145, 146, 160, 161, 162, 164, 165, 166, 168, 169, 170, 199, 201, 202, 203, 207], "summary": {"covered_lines": 49, "num_statements": 65, "percent_covered": 75.38461538461539, "percent_covered_display": "75", "missing_lines": 16, "excluded_lines": 0, "percent_statements_covered": 75.38461538461539, "percent_statements_covered_display": "75"}, "missing_lines": [142, 147, 171, 172, 173, 175, 181, 182, 184, 185, 186, 187, 188, 189, 198, 200], "excluded_lines": [], "start_line": 60}, "": {"executed_lines": [3, 5, 6, 7, 8, 9, 10, 12, 13, 15, 16, 18, 20, 37, 40, 41, 44, 45, 46, 47, 49, 50, 60, 63, 70, 121, 138, 149, 219, 222, 223, 231, 234, 235, 243, 246, 247, 255, 258, 259, 262, 265, 266, 267, 268, 269, 270, 273], "summary": {"covered_lines": 48, "num_statements": 48, "percent_covered": 100.0, "percent_covered_display": "100", "missing_lines": 0, "excluded_lines": 0, "percent_statements_covered": 100.0, "percent_statements_covered_display": "100"}, "missing_lines": [], "excluded_lines": [], "start_line": 1}}}, "app\\middleware\\request_context.py": {"executed_lines": [3, 5, 6, 7, 8, 10, 11, 12, 14, 16, 19, 22, 25, 26, 28, 29, 30, 32, 33, 43], "summary": {"covered_lines": 20, "num_statements": 20, "percent_covered": 100.0, "percent_covered_display": "100", "missing_lines": 0, "excluded_lines": 0, "percent_statements_covered": 100.0, "percent_statements_covered_display": "100"}, "missing_lines": [], "excluded_lines": [], "functions": {"RequestContextMiddleware.dispatch": {"executed_lines": [25, 26, 28, 29, 30, 32, 33, 43], "summary": {"covered_lines": 8, "num_statements": 8, "percent_covered": 100.0, "percent_covered_display": "100", "missing_lines": 0, "excluded_lines": 0, "percent_statements_covered": 100.0, "percent_statements_covered_display": "100"}, "missing_lines": [], "excluded_lines": [], "start_line": 22}, "": {"executed_lines": [3, 5, 6, 7, 8, 10, 11, 12, 14, 16, 19, 22], "summary": {"covered_lines": 12, "num_statements": 12, "percent_covered": 100.0, "percent_covered_display": "100", "missing_lines": 0, "excluded_lines": 0, "percent_statements_covered": 100.0, "percent_statements_covered_display": "100"}, "missing_lines": [], "excluded_lines": [], "start_line": 1}}, "classes": {"RequestContextMiddleware": {"executed_lines": [25, 26, 28, 29, 30, 32, 33, 43], "summary": {"covered_lines": 8, "num_statements": 8, "percent_covered": 100.0, "percent_covered_display": "100", "missing_lines": 0, "excluded_lines": 0, "percent_statements_covered": 100.0, "percent_statements_covered_display": "100"}, "missing_lines": [], "excluded_lines": [], "start_line": 19}, "": {"executed_lines": [3, 5, 6, 7, 8, 10, 11, 12, 14, 16, 19, 22], "summary": {"covered_lines": 12, "num_statements": 12, "percent_covered": 100.0, "percent_covered_display": "100", "missing_lines": 0, "excluded_lines": 0, "percent_statements_covered": 100.0, "percent_statements_covered_display": "100"}, "missing_lines": [], "excluded_lines": [], "start_line": 1}}}, "app\\models\\__init__.py": {"executed_lines": [], "summary": {"covered_lines": 0, "num_statements": 0, "percent_covered": 100.0, "percent_covered_display": "100", "missing_lines": 0, "excluded_lines": 0, "percent_statements_covered": 100.0, "percent_statements_covered_display": "100"}, "missing_lines": [], "excluded_lines": [], "functions": {"": {"executed_lines": [], "summary": {"covered_lines": 0, "num_statements": 0, "percent_covered": 100.0, "percent_covered_display": "100", "missing_lines": 0, "excluded_lines": 0, "percent_statements_covered": 100.0, "percent_statements_covered_display": "100"}, "missing_lines": [], "excluded_lines": [], "start_line": 1}}, "classes": {"": {"executed_lines": [], "summary": {"covered_lines": 0, "num_statements": 0, "percent_covered": 100.0, "percent_covered_display": "100", "missing_lines": 0, "excluded_lines": 0, "percent_statements_covered": 100.0, "percent_statements_covered_display": "100"}, "missing_lines": [], "excluded_lines": [], "start_line": 1}}}, "app\\models\\carbon_log.py": {"executed_lines": [], "summary": {"covered_lines": 0, "num_statements": 13, "percent_covered": 0.0, "percent_covered_display": "0", "missing_lines": 13, "excluded_lines": 0, "percent_statements_covered": 0.0, "percent_statements_covered_display": "0"}, "missing_lines": [3, 5, 7, 10, 13, 15, 16, 17, 18, 19, 20, 21, 22], "excluded_lines": [], "functions": {"": {"executed_lines": [], "summary": {"covered_lines": 0, "num_statements": 13, "percent_covered": 0.0, "percent_covered_display": "0", "missing_lines": 13, "excluded_lines": 0, "percent_statements_covered": 0.0, "percent_statements_covered_display": "0"}, "missing_lines": [3, 5, 7, 10, 13, 15, 16, 17, 18, 19, 20, 21, 22], "excluded_lines": [], "start_line": 1}}, "classes": {"CarbonLogModel": {"executed_lines": [], "summary": {"covered_lines": 0, "num_statements": 0, "percent_covered": 100.0, "percent_covered_display": "100", "missing_lines": 0, "excluded_lines": 0, "percent_statements_covered": 100.0, "percent_statements_covered_display": "100"}, "missing_lines": [], "excluded_lines": [], "start_line": 10}, "": {"executed_lines": [], "summary": {"covered_lines": 0, "num_statements": 13, "percent_covered": 0.0, "percent_covered_display": "0", "missing_lines": 13, "excluded_lines": 0, "percent_statements_covered": 0.0, "percent_statements_covered_display": "0"}, "missing_lines": [3, 5, 7, 10, 13, 15, 16, 17, 18, 19, 20, 21, 22], "excluded_lines": [], "start_line": 1}}}, "app\\models\\channel.py": {"executed_lines": [], "summary": {"covered_lines": 0, "num_statements": 12, "percent_covered": 0.0, "percent_covered_display": "0", "missing_lines": 12, "excluded_lines": 0, "percent_statements_covered": 0.0, "percent_statements_covered_display": "0"}, "missing_lines": [3, 5, 7, 10, 13, 15, 16, 17, 18, 19, 20, 21], "excluded_lines": [], "functions": {"": {"executed_lines": [], "summary": {"covered_lines": 0, "num_statements": 12, "percent_covered": 0.0, "percent_covered_display": "0", "missing_lines": 12, "excluded_lines": 0, "percent_statements_covered": 0.0, "percent_statements_covered_display": "0"}, "missing_lines": [3, 5, 7, 10, 13, 15, 16, 17, 18, 19, 20, 21], "excluded_lines": [], "start_line": 1}}, "classes": {"ChannelModel": {"executed_lines": [], "summary": {"covered_lines": 0, "num_statements": 0, "percent_covered": 100.0, "percent_covered_display": "100", "missing_lines": 0, "excluded_lines": 0, "percent_statements_covered": 100.0, "percent_statements_covered_display": "100"}, "missing_lines": [], "excluded_lines": [], "start_line": 10}, "": {"executed_lines": [], "summary": {"covered_lines": 0, "num_statements": 12, "percent_covered": 0.0, "percent_covered_display": "0", "missing_lines": 12, "excluded_lines": 0, "percent_statements_covered": 0.0, "percent_statements_covered_display": "0"}, "missing_lines": [3, 5, 7, 10, 13, 15, 16, 17, 18, 19, 20, 21], "excluded_lines": [], "start_line": 1}}}, "app\\models\\message.py": {"executed_lines": [], "summary": {"covered_lines": 0, "num_statements": 13, "percent_covered": 0.0, "percent_covered_display": "0", "missing_lines": 13, "excluded_lines": 0, "percent_statements_covered": 0.0, "percent_statements_covered_display": "0"}, "missing_lines": [3, 5, 7, 10, 13, 15, 16, 17, 18, 19, 20, 21, 22], "excluded_lines": [], "functions": {"": {"executed_lines": [], "summary": {"covered_lines": 0, "num_statements": 13, "percent_covered": 0.0, "percent_covered_display": "0", "missing_lines": 13, "excluded_lines": 0, "percent_statements_covered": 0.0, "percent_statements_covered_display": "0"}, "missing_lines": [3, 5, 7, 10, 13, 15, 16, 17, 18, 19, 20, 21, 22], "excluded_lines": [], "start_line": 1}}, "classes": {"MessageModel": {"executed_lines": [], "summary": {"covered_lines": 0, "num_statements": 0, "percent_covered": 100.0, "percent_covered_display": "100", "missing_lines": 0, "excluded_lines": 0, "percent_statements_covered": 100.0, "percent_statements_covered_display": "100"}, "missing_lines": [], "excluded_lines": [], "start_line": 10}, "": {"executed_lines": [], "summary": {"covered_lines": 0, "num_statements": 13, "percent_covered": 0.0, "percent_covered_display": "0", "missing_lines": 13, "excluded_lines": 0, "percent_statements_covered": 0.0, "percent_statements_covered_display": "0"}, "missing_lines": [3, 5, 7, 10, 13, 15, 16, 17, 18, 19, 20, 21, 22], "excluded_lines": [], "start_line": 1}}}, "app\\models\\user.py": {"executed_lines": [], "summary": {"covered_lines": 0, "num_statements": 14, "percent_covered": 0.0, "percent_covered_display": "0", "missing_lines": 14, "excluded_lines": 0, "percent_statements_covered": 0.0, "percent_statements_covered_display": "0"}, "missing_lines": [3, 5, 6, 8, 11, 14, 16, 17, 18, 19, 20, 21, 22, 23], "excluded_lines": [], "functions": {"": {"executed_lines": [], "summary": {"covered_lines": 0, "num_statements": 14, "percent_covered": 0.0, "percent_covered_display": "0", "missing_lines": 14, "excluded_lines": 0, "percent_statements_covered": 0.0, "percent_statements_covered_display": "0"}, "missing_lines": [3, 5, 6, 8, 11, 14, 16, 17, 18, 19, 20, 21, 22, 23], "excluded_lines": [], "start_line": 1}}, "classes": {"UserModel": {"executed_lines": [], "summary": {"covered_lines": 0, "num_statements": 0, "percent_covered": 100.0, "percent_covered_display": "100", "missing_lines": 0, "excluded_lines": 0, "percent_statements_covered": 100.0, "percent_statements_covered_display": "100"}, "missing_lines": [], "excluded_lines": [], "start_line": 11}, "": {"executed_lines": [], "summary": {"covered_lines": 0, "num_statements": 14, "percent_covered": 0.0, "percent_covered_display": "0", "missing_lines": 14, "excluded_lines": 0, "percent_statements_covered": 0.0, "percent_statements_covered_display": "0"}, "missing_lines": [3, 5, 6, 8, 11, 14, 16, 17, 18, 19, 20, 21, 22, 23], "excluded_lines": [], "start_line": 1}}}, "app\\routers\\__init__.py": {"executed_lines": [], "summary": {"covered_lines": 0, "num_statements": 0, "percent_covered": 100.0, "percent_covered_display": "100", "missing_lines": 0, "excluded_lines": 0, "percent_statements_covered": 100.0, "percent_statements_covered_display": "100"}, "missing_lines": [], "excluded_lines": [], "functions": {"": {"executed_lines": [], "summary": {"covered_lines": 0, "num_statements": 0, "percent_covered": 100.0, "percent_covered_display": "100", "missing_lines": 0, "excluded_lines": 0, "percent_statements_covered": 100.0, "percent_statements_covered_display": "100"}, "missing_lines": [], "excluded_lines": [], "start_line": 1}}, "classes": {"": {"executed_lines": [], "summary": {"covered_lines": 0, "num_statements": 0, "percent_covered": 100.0, "percent_covered_display": "100", "missing_lines": 0, "excluded_lines": 0, "percent_statements_covered": 100.0, "percent_statements_covered_display": "100"}, "missing_lines": [], "excluded_lines": [], "start_line": 1}}}, "app\\routers\\auth.py": {"executed_lines": [3, 5, 6, 7, 8, 10, 11, 12, 14, 15, 16, 17, 18, 19, 21, 23, 24, 27, 30, 33, 36, 37, 38, 45, 46, 49, 52, 53, 56, 57, 60, 61, 62, 64, 65, 66, 67, 73, 74, 76, 84, 97, 98, 101, 102, 103, 104, 106, 107, 108, 114, 115, 116, 118, 119, 120, 121, 123, 124, 126, 127, 129, 137, 138, 144, 154, 155, 158, 159, 161, 162, 163, 165, 166, 172, 173, 176, 177, 180, 181], "summary": {"covered_lines": 80, "num_statements": 80, "percent_covered": 100.0, "percent_covered_display": "100", "missing_lines": 0, "excluded_lines": 0, "percent_statements_covered": 100.0, "percent_statements_covered_display": "100"}, "missing_lines": [], "excluded_lines": [], "functions": {"_hash_refresh_token": {"executed_lines": [30], "summary": {"covered_lines": 1, "num_statements": 1, "percent_covered": 100.0, "percent_covered_display": "100", "missing_lines": 0, "excluded_lines": 0, "percent_statements_covered": 100.0, "percent_statements_covered_display": "100"}, "missing_lines": [], "excluded_lines": [], "start_line": 27}, "_build_access_token": {"executed_lines": [36, 37, 38, 45, 46], "summary": {"covered_lines": 5, "num_statements": 5, "percent_covered": 100.0, "percent_covered_display": "100", "missing_lines": 0, "excluded_lines": 0, "percent_statements_covered": 100.0, "percent_statements_covered_display": "100"}, "missing_lines": [], "excluded_lines": [], "start_line": 33}, "_build_refresh_token": {"executed_lines": [52, 53], "summary": {"covered_lines": 2, "num_statements": 2, "percent_covered": 100.0, "percent_covered_display": "100", "missing_lines": 0, "excluded_lines": 0, "percent_statements_covered": 100.0, "percent_statements_covered_display": "100"}, "missing_lines": [], "excluded_lines": [], "start_line": 49}, "login": {"executed_lines": [60, 61, 62, 64, 65, 66, 67, 73, 74, 76, 84], "summary": {"covered_lines": 11, "num_statements": 11, "percent_covered": 100.0, "percent_covered_display": "100", "missing_lines": 0, "excluded_lines": 0, "percent_statements_covered": 100.0, "percent_statements_covered_display": "100"}, "missing_lines": [], "excluded_lines": [], "start_line": 57}, "refresh": {"executed_lines": [101, 102, 103, 104, 106, 107, 108, 114, 115, 116, 118, 119, 120, 121, 123, 124, 126, 127, 129, 137, 138, 144], "summary": {"covered_lines": 22, "num_statements": 22, "percent_covered": 100.0, "percent_covered_display": "100", "missing_lines": 0, "excluded_lines": 0, "percent_statements_covered": 100.0, "percent_statements_covered_display": "100"}, "missing_lines": [], "excluded_lines": [], "start_line": 98}, "logout": {"executed_lines": [158, 159, 161, 162, 163, 165, 166, 172, 173], "summary": {"covered_lines": 9, "num_statements": 9, "percent_covered": 100.0, "percent_covered_display": "100", "missing_lines": 0, "excluded_lines": 0, "percent_statements_covered": 100.0, "percent_statements_covered_display": "100"}, "missing_lines": [], "excluded_lines": [], "start_line": 155}, "send_magic_link": {"executed_lines": [180, 181], "summary": {"covered_lines": 2, "num_statements": 2, "percent_covered": 100.0, "percent_covered_display": "100", "missing_lines": 0, "excluded_lines": 0, "percent_statements_covered": 100.0, "percent_statements_covered_display": "100"}, "missing_lines": [], "excluded_lines": [], "start_line": 177}, "": {"executed_lines": [3, 5, 6, 7, 8, 10, 11, 12, 14, 15, 16, 17, 18, 19, 21, 23, 24, 27, 33, 49, 56, 57, 97, 98, 154, 155, 176, 177], "summary": {"covered_lines": 28, "num_statements": 28, "percent_covered": 100.0, "percent_covered_display": "100", "missing_lines": 0, "excluded_lines": 0, "percent_statements_covered": 100.0, "percent_statements_covered_display": "100"}, "missing_lines": [], "excluded_lines": [], "start_line": 1}}, "classes": {"": {"executed_lines": [3, 5, 6, 7, 8, 10, 11, 12, 14, 15, 16, 17, 18, 19, 21, 23, 24, 27, 30, 33, 36, 37, 38, 45, 46, 49, 52, 53, 56, 57, 60, 61, 62, 64, 65, 66, 67, 73, 74, 76, 84, 97, 98, 101, 102, 103, 104, 106, 107, 108, 114, 115, 116, 118, 119, 120, 121, 123, 124, 126, 127, 129, 137, 138, 144, 154, 155, 158, 159, 161, 162, 163, 165, 166, 172, 173, 176, 177, 180, 181], "summary": {"covered_lines": 80, "num_statements": 80, "percent_covered": 100.0, "percent_covered_display": "100", "missing_lines": 0, "excluded_lines": 0, "percent_statements_covered": 100.0, "percent_statements_covered_display": "100"}, "missing_lines": [], "excluded_lines": [], "start_line": 1}}}, "app\\routers\\carbon.py": {"executed_lines": [3, 5, 7, 8, 9, 10, 12, 13, 14, 15, 16, 18, 21, 24, 26, 27, 28, 31, 32, 39, 40, 42, 43, 46, 47, 54, 55, 61, 62, 69, 74, 75, 81, 87, 88, 89], "summary": {"covered_lines": 36, "num_statements": 37, "percent_covered": 97.29729729729729, "percent_covered_display": "97", "missing_lines": 1, "excluded_lines": 0, "percent_statements_covered": 97.29729729729729, "percent_statements_covered_display": "97"}, "missing_lines": [63], "excluded_lines": [], "functions": {"get_leaderboard": {"executed_lines": [39, 40, 42, 43], "summary": {"covered_lines": 4, "num_statements": 4, "percent_covered": 100.0, "percent_covered_display": "100", "missing_lines": 0, "excluded_lines": 0, "percent_statements_covered": 100.0, "percent_statements_covered_display": "100"}, "missing_lines": [], "excluded_lines": [], "start_line": 32}, "create_carbon_log": {"executed_lines": [54, 55, 61, 62, 69, 74, 75, 81, 87, 88, 89], "summary": {"covered_lines": 11, "num_statements": 12, "percent_covered": 91.66666666666667, "percent_covered_display": "92", "missing_lines": 1, "excluded_lines": 0, "percent_statements_covered": 91.66666666666667, "percent_statements_covered_display": "92"}, "missing_lines": [63], "excluded_lines": [], "start_line": 47}, "": {"executed_lines": [3, 5, 7, 8, 9, 10, 12, 13, 14, 15, 16, 18, 21, 24, 26, 27, 28, 31, 32, 46, 47], "summary": {"covered_lines": 21, "num_statements": 21, "percent_covered": 100.0, "percent_covered_display": "100", "missing_lines": 0, "excluded_lines": 0, "percent_statements_covered": 100.0, "percent_statements_covered_display": "100"}, "missing_lines": [], "excluded_lines": [], "start_line": 1}}, "classes": {"CarbonLogRequest": {"executed_lines": [], "summary": {"covered_lines": 0, "num_statements": 0, "percent_covered": 100.0, "percent_covered_display": "100", "missing_lines": 0, "excluded_lines": 0, "percent_statements_covered": 100.0, "percent_statements_covered_display": "100"}, "missing_lines": [], "excluded_lines": [], "start_line": 21}, "": {"executed_lines": [3, 5, 7, 8, 9, 10, 12, 13, 14, 15, 16, 18, 21, 24, 26, 27, 28, 31, 32, 39, 40, 42, 43, 46, 47, 54, 55, 61, 62, 69, 74, 75, 81, 87, 88, 89], "summary": {"covered_lines": 36, "num_statements": 37, "percent_covered": 97.29729729729729, "percent_covered_display": "97", "missing_lines": 1, "excluded_lines": 0, "percent_statements_covered": 97.29729729729729, "percent_statements_covered_display": "97"}, "missing_lines": [63], "excluded_lines": [], "start_line": 1}}}, "app\\routers\\channels.py": {"executed_lines": [3, 5, 6, 7, 8, 10, 11, 12, 14, 17, 20, 22, 23, 24, 25, 26, 29, 30, 37, 38, 40, 41, 44, 45, 52, 53, 55, 63], "summary": {"covered_lines": 28, "num_statements": 28, "percent_covered": 100.0, "percent_covered_display": "100", "missing_lines": 0, "excluded_lines": 0, "percent_statements_covered": 100.0, "percent_statements_covered_display": "100"}, "missing_lines": [], "excluded_lines": [], "functions": {"list_channels": {"executed_lines": [37, 38, 40, 41], "summary": {"covered_lines": 4, "num_statements": 4, "percent_covered": 100.0, "percent_covered_display": "100", "missing_lines": 0, "excluded_lines": 0, "percent_statements_covered": 100.0, "percent_statements_covered_display": "100"}, "missing_lines": [], "excluded_lines": [], "start_line": 30}, "create_channel": {"executed_lines": [52, 53, 55, 63], "summary": {"covered_lines": 4, "num_statements": 4, "percent_covered": 100.0, "percent_covered_display": "100", "missing_lines": 0, "excluded_lines": 0, "percent_statements_covered": 100.0, "percent_statements_covered_display": "100"}, "missing_lines": [], "excluded_lines": [], "start_line": 45}, "": {"executed_lines": [3, 5, 6, 7, 8, 10, 11, 12, 14, 17, 20, 22, 23, 24, 25, 26, 29, 30, 44, 45], "summary": {"covered_lines": 20, "num_statements": 20, "percent_covered": 100.0, "percent_covered_display": "100", "missing_lines": 0, "excluded_lines": 0, "percent_statements_covered": 100.0, "percent_statements_covered_display": "100"}, "missing_lines": [], "excluded_lines": [], "start_line": 1}}, "classes": {"ChannelCreateRequest": {"executed_lines": [], "summary": {"covered_lines": 0, "num_statements": 0, "percent_covered": 100.0, "percent_covered_display": "100", "missing_lines": 0, "excluded_lines": 0, "percent_statements_covered": 100.0, "percent_statements_covered_display": "100"}, "missing_lines": [], "excluded_lines": [], "start_line": 17}, "": {"executed_lines": [3, 5, 6, 7, 8, 10, 11, 12, 14, 17, 20, 22, 23, 24, 25, 26, 29, 30, 37, 38, 40, 41, 44, 45, 52, 53, 55, 63], "summary": {"covered_lines": 28, "num_statements": 28, "percent_covered": 100.0, "percent_covered_display": "100", "missing_lines": 0, "excluded_lines": 0, "percent_statements_covered": 100.0, "percent_statements_covered_display": "100"}, "missing_lines": [], "excluded_lines": [], "start_line": 1}}}, "app\\routers\\mesh.py": {"executed_lines": [3, 5, 6, 7, 8, 9, 10, 12, 14, 15, 16, 18, 19, 20, 21, 22, 24, 26, 27, 30, 31, 34, 35, 38, 41, 43, 46, 49, 50, 53, 56, 59, 62, 71, 74, 75, 76, 77, 79, 80, 82, 83, 84, 86, 87, 88, 89, 91, 92, 93, 95, 96, 97, 100, 101, 102, 103, 105, 106, 107, 108, 109, 110, 112, 114, 116, 117, 120, 123, 125, 128, 129, 132, 133, 134, 135, 136, 138, 140, 141, 142, 145, 146, 149, 150, 153, 154, 155, 156, 157, 159, 160, 161, 164, 165, 168, 169, 170, 171, 172, 174, 175, 176, 177, 178, 181, 182, 189, 190, 195], "summary": {"covered_lines": 110, "num_statements": 110, "percent_covered": 100.0, "percent_covered_display": "100", "missing_lines": 0, "excluded_lines": 0, "percent_statements_covered": 100.0, "percent_statements_covered_display": "100"}, "missing_lines": [], "excluded_lines": [], "functions": {"_sha256_hex": {"executed_lines": [56], "summary": {"covered_lines": 1, "num_statements": 1, "percent_covered": 100.0, "percent_covered_display": "100", "missing_lines": 0, "excluded_lines": 0, "percent_statements_covered": 100.0, "percent_statements_covered_display": "100"}, "missing_lines": [], "excluded_lines": [], "start_line": 53}, "_nonce_cache": {"executed_lines": [62], "summary": {"covered_lines": 1, "num_statements": 1, "percent_covered": 100.0, "percent_covered_display": "100", "missing_lines": 0, "excluded_lines": 0, "percent_statements_covered": 100.0, "percent_statements_covered_display": "100"}, "missing_lines": [], "excluded_lines": [], "start_line": 59}, "verify_mesh_node": {"executed_lines": [74, 75, 76, 77, 79, 80, 82, 83, 84, 86, 87, 88, 89, 91, 92, 93, 95, 96, 97, 100, 101, 102, 103, 105, 106, 107, 108, 109, 110, 112, 114, 116, 117], "summary": {"covered_lines": 33, "num_statements": 33, "percent_covered": 100.0, "percent_covered_display": "100", "missing_lines": 0, "excluded_lines": 0, "percent_statements_covered": 100.0, "percent_statements_covered_display": "100"}, "missing_lines": [], "excluded_lines": [], "start_line": 71}, "register_mesh_node": {"executed_lines": [132, 133, 134, 135, 136, 138, 140, 141, 142, 145, 146], "summary": {"covered_lines": 11, "num_statements": 11, "percent_covered": 100.0, "percent_covered_display": "100", "missing_lines": 0, "excluded_lines": 0, "percent_statements_covered": 100.0, "percent_statements_covered_display": "100"}, "missing_lines": [], "excluded_lines": [], "start_line": 129}, "list_mesh_nodes": {"executed_lines": [153, 154, 155, 156, 157, 159, 160, 161], "summary": {"covered_lines": 8, "num_statements": 8, "percent_covered": 100.0, "percent_covered_display": "100", "missing_lines": 0, "excluded_lines": 0, "percent_statements_covered": 100.0, "percent_statements_covered_display": "100"}, "missing_lines": [], "excluded_lines": [], "start_line": 150}, "revoke_mesh_node": {"executed_lines": [168, 169, 170, 171, 172, 174, 175, 176, 177, 178], "summary": {"covered_lines": 10, "num_statements": 10, "percent_covered": 100.0, "percent_covered_display": "100", "missing_lines": 0, "excluded_lines": 0, "percent_statements_covered": 100.0, "percent_statements_covered_display": "100"}, "missing_lines": [], "excluded_lines": [], "start_line": 165}, "sync_mesh_messages": {"executed_lines": [189, 190, 195], "summary": {"covered_lines": 3, "num_statements": 3, "percent_covered": 100.0, "percent_covered_display": "100", "missing_lines": 0, "excluded_lines": 0, "percent_statements_covered": 100.0, "percent_statements_covered_display": "100"}, "missing_lines": [], "excluded_lines": [], "start_line": 182}, "": {"executed_lines": [3, 5, 6, 7, 8, 9, 10, 12, 14, 15, 16, 18, 19, 20, 21, 22, 24, 26, 27, 30, 31, 34, 35, 38, 41, 43, 46, 49, 50, 53, 59, 71, 120, 123, 125, 128, 129, 149, 150, 164, 165, 181, 182], "summary": {"covered_lines": 43, "num_statements": 43, "percent_covered": 100.0, "percent_covered_display": "100", "missing_lines": 0, "excluded_lines": 0, "percent_statements_covered": 100.0, "percent_statements_covered_display": "100"}, "missing_lines": [], "excluded_lines": [], "start_line": 1}}, "classes": {"MeshNodeContext": {"executed_lines": [], "summary": {"covered_lines": 0, "num_statements": 0, "percent_covered": 100.0, "percent_covered_display": "100", "missing_lines": 0, "excluded_lines": 0, "percent_statements_covered": 100.0, "percent_statements_covered_display": "100"}, "missing_lines": [], "excluded_lines": [], "start_line": 31}, "MeshRegisterRequest": {"executed_lines": [], "summary": {"covered_lines": 0, "num_statements": 0, "percent_covered": 100.0, "percent_covered_display": "100", "missing_lines": 0, "excluded_lines": 0, "percent_statements_covered": 100.0, "percent_statements_covered_display": "100"}, "missing_lines": [], "excluded_lines": [], "start_line": 38}, "MeshRegisterResponse": {"executed_lines": [], "summary": {"covered_lines": 0, "num_statements": 0, "percent_covered": 100.0, "percent_covered_display": "100", "missing_lines": 0, "excluded_lines": 0, "percent_statements_covered": 100.0, "percent_statements_covered_display": "100"}, "missing_lines": [], "excluded_lines": [], "start_line": 46}, "MeshSyncRequest": {"executed_lines": [], "summary": {"covered_lines": 0, "num_statements": 0, "percent_covered": 100.0, "percent_covered_display": "100", "missing_lines": 0, "excluded_lines": 0, "percent_statements_covered": 100.0, "percent_statements_covered_display": "100"}, "missing_lines": [], "excluded_lines": [], "start_line": 120}, "": {"executed_lines": [3, 5, 6, 7, 8, 9, 10, 12, 14, 15, 16, 18, 19, 20, 21, 22, 24, 26, 27, 30, 31, 34, 35, 38, 41, 43, 46, 49, 50, 53, 56, 59, 62, 71, 74, 75, 76, 77, 79, 80, 82, 83, 84, 86, 87, 88, 89, 91, 92, 93, 95, 96, 97, 100, 101, 102, 103, 105, 106, 107, 108, 109, 110, 112, 114, 116, 117, 120, 123, 125, 128, 129, 132, 133, 134, 135, 136, 138, 140, 141, 142, 145, 146, 149, 150, 153, 154, 155, 156, 157, 159, 160, 161, 164, 165, 168, 169, 170, 171, 172, 174, 175, 176, 177, 178, 181, 182, 189, 190, 195], "summary": {"covered_lines": 110, "num_statements": 110, "percent_covered": 100.0, "percent_covered_display": "100", "missing_lines": 0, "excluded_lines": 0, "percent_statements_covered": 100.0, "percent_statements_covered_display": "100"}, "missing_lines": [], "excluded_lines": [], "start_line": 1}}}, "app\\routers\\messages.py": {"executed_lines": [3, 5, 6, 8, 9, 
[...]
_lines": 0, "percent_statements_covered": 57.142857142857146, "percent_statements_covered_display": "57"}, "missing_lines": [43, 46, 47], "excluded_lines": [], "start_line": 37}, "RedisClient.get_client": {"executed_lines": [52], "summary": {"covered_lines": 1, "num_statements": 1, "percent_covered": 100.0, "percent_covered_display": "100", "missing_lines": 0, "excluded_lines": 0, "percent_statements_covered": 100.0, "percent_statements_covered_display": "100"}, "missing_lines": [], "excluded_lines": [], "start_line": 49}, "RedisClient.set_json": {"executed_lines": [], "summary": {"covered_lines": 0, "num_statements": 2, "percent_covered": 0.0, "percent_covered_display": "0", "missing_lines": 2, "excluded_lines": 0, "percent_statements_covered": 0.0, "percent_statements_covered_display": "0"}, "missing_lines": [57, 58], "excluded_lines": [], "start_line": 54}, "RedisClient.get_json": {"executed_lines": [], "summary": {"covered_lines": 0, "num_statements": 6, "percent_covered": 0.0, "percent_covered_display": "0", "missing_lines": 6, "excluded_lines": 0, "percent_statements_covered": 0.0, "percent_statements_covered_display": "0"}, "missing_lines": [63, 64, 65, 66, 67, 68], "excluded_lines": [], "start_line": 60}, "RedisClient.push_list": {"executed_lines": [], "summary": {"covered_lines": 0, "num_statements": 5, "percent_covered": 0.0, "percent_covered_display": "0", "missing_lines": 5, "excluded_lines": 0, "percent_statements_covered": 0.0, "percent_statements_covered_display": "0"}, "missing_lines": [73, 74, 75, 76, 77], "excluded_lines": [], "start_line": 70}, "RedisClient.close": {"executed_lines": [], "summary": {"covered_lines": 0, "num_statements": 4, "percent_covered": 0.0, "percent_covered_display": "0", "missing_lines": 4, "excluded_lines": 0, "percent_statements_covered": 0.0, "percent_statements_covered_display": "0"}, "missing_lines": [82, 83, 84, 85], "excluded_lines": [], "start_line": 79}, "": {"executed_lines": [3, 5, 6, 8, 10, 11, 13, 16, 19, 23, 37, 49, 54, 60, 70, 79, 88], "summary": {"covered_lines": 17, "num_statements": 17, "percent_covered": 100.0, "percent_covered_display": "100", "missing_lines": 0, "excluded_lines": 0, "percent_statements_covered": 100.0, "percent_statements_covered_display": "100"}, "missing_lines": [], "excluded_lines": [], "start_line": 1}}, "classes": {"RedisClient": {"executed_lines": [20, 21, 26, 27, 29, 30, 31, 32, 33, 35, 40, 41, 42, 45, 52], "summary": {"covered_lines": 15, "num_statements": 35, "percent_covered": 42.857142857142854, "percent_covered_display": "43", "missing_lines": 20, "excluded_lines": 0, "percent_statements_covered": 42.857142857142854, "percent_statements_covered_display": "43"}, "missing_lines": [43, 46, 47, 57, 58, 63, 64, 65, 66, 67, 68, 73, 74, 75, 76, 77, 82, 83, 84, 85], "excluded_lines": [], "start_line": 16}, "": {"executed_lines": [3, 5, 6, 8, 10, 11, 13, 16, 19, 23, 37, 49, 54, 60, 70, 79, 88], "summary": {"covered_lines": 17, "num_statements": 17, "percent_covered": 100.0, "percent_covered_display": "100", "missing_lines": 0, "excluded_lines": 0, "percent_statements_covered": 100.0, "percent_statements_covered_display": "100"}, "missing_lines": [], "excluded_lines": [], "start_line": 1}}}, "app\\services\\redis_publisher.py": {"executed_lines": [3, 5, 6, 7, 8, 10, 11, 13, 16, 19, 20, 27, 29, 30, 35, 38, 39, 41, 42, 43, 44, 45, 54, 61, 64, 65, 66, 68, 69, 70], "summary": {"covered_lines": 30, "num_statements": 35, "percent_covered": 85.71428571428571, "percent_covered_display": "86", "missing_lines": 5, "excluded_lines": 0, "percent_statements_covered": 85.71428571428571, "percent_statements_covered_display": "86"}, "missing_lines": [31, 32, 33, 57, 58], "excluded_lines": [], "functions": {"RedisPublisher.__init__": {"executed_lines": [20, 27], "summary": {"covered_lines": 2, "num_statements": 2, "percent_covered": 100.0, "percent_covered_display": "100", "missing_lines": 0, "excluded_lines": 0, "percent_statements_covered": 100.0, "percent_statements_covered_display": "100"}, "missing_lines": [], "excluded_lines": [], "start_line": 19}, "RedisPublisher._json_default": {"executed_lines": [], "summary": {"covered_lines": 0, "num_statements": 3, "percent_covered": 0.0, "percent_covered_display": "0", "missing_lines": 3, "excluded_lines": 0, "percent_statements_covered": 0.0, "percent_statements_covered_display": "0"}, "missing_lines": [31, 32, 33], "excluded_lines": [], "start_line": 30}, "RedisPublisher.publish": {"executed_lines": [38, 39, 41, 42, 43, 44, 45], "summary": {"covered_lines": 7, "num_statements": 7, "percent_covered": 100.0, "percent_covered_display": "100", "missing_lines": 0, "excluded_lines": 0, "percent_statements_covered": 100.0, "percent_statements_covered_display": "100"}, "missing_lines": [], "excluded_lines": [], "start_line": 35}, "RedisPublisher.close": {"executed_lines": [], "summary": {"covered_lines": 0, "num_statements": 2, "percent_covered": 0.0, "percent_covered_display": "0", "missing_lines": 2, "excluded_lines": 0, "percent_statements_covered": 0.0, "percent_statements_covered_display": "0"}, "missing_lines": [57, 58], "excluded_lines": [], "start_line": 54}, "get_redis_publisher": {"executed_lines": [64, 65, 66, 68, 69, 70], "summary": {"covered_lines": 6, "num_statements": 6, "percent_covered": 100.0, "percent_covered_display": "100", "missing_lines": 0, "excluded_lines": 0, "percent_statements_covered": 100.0, "percent_statements_covered_display": "100"}, "missing_lines": [], "excluded_lines": [], "start_line": 61}, "": {"executed_lines": [3, 5, 6, 7, 8, 10, 11, 13, 16, 19, 29, 30, 35, 54, 61], "summary": {"covered_lines": 15, "num_statements": 15, "percent_covered": 100.0, "percent_covered_display": "100", "missing_lines": 0, "excluded_lines": 0, "percent_statements_covered": 100.0, "percent_statements_covered_display": "100"}, "missing_lines": [], "excluded_lines": [], "start_line": 1}}, "classes": {"RedisPublisher": {"executed_lines": [20, 27, 38, 39, 41, 42, 43, 44, 45], "summary": {"covered_lines": 9, "num_statements": 14, "percent_covered": 64.28571428571429, "percent_covered_display": "64", "missing_lines": 5, "excluded_lines": 0, "percent_statements_covered": 64.28571428571429, "percent_statements_covered_display": "64"}, "missing_lines": [31, 32, 33, 57, 58], "excluded_lines": [], "start_line": 16}, "": {"executed_lines": [3, 5, 6, 7, 8, 10, 11, 13, 16, 19, 29, 30, 35, 54, 61, 64, 65, 66, 68, 69, 70], "summary": {"covered_lines": 21, "num_statements": 21, "percent_covered": 100.0, "percent_covered_display": "100", "missing_lines": 0, "excluded_lines": 0, "percent_statements_covered": 100.0, "percent_statements_covered_display": "100"}, "missing_lines": [], "excluded_lines": [], "start_line": 1}}}, "app\\services\\sentiment.py": {"executed_lines": [3, 5, 7, 8, 9, 12, 18, 24, 45], "summary": {"covered_lines": 9, "num_statements": 24, "percent_covered": 37.5, "percent_covered_display": "38", "missing_lines": 15, "excluded_lines": 0, "percent_statements_covered": 37.5, "percent_statements_covered_display": "38"}, "missing_lines": [15, 21, 27, 28, 29, 30, 34, 35, 36, 37, 42, 48, 49, 50, 51], "excluded_lines": [], "functions": {"get_last_n_messages": {"executed_lines": [], "summary": {"covered_lines": 0, "num_statements": 1, "percent_covered": 0.0, "percent_covered_display": "0", "missing_lines": 1, "excluded_lines": 0, "percent_statements_covered": 0.0, "percent_statements_covered_display": "0"}, "missing_lines": [15], "excluded_lines": [], "start_line": 12}, "save_pulse_snapshot": {"executed_lines": [], "summary": {"covered_lines": 0, "num_statements": 1, "percent_covered": 0.0, "percent_covered_display": "0", "missing_lines": 1, "excluded_lines": 0, "percent_statements_covered": 0.0, "percent_statements_covered_display": "0"}, "missing_lines": [21], "excluded_lines": [], "start_line": 18}, "score_channel": {"executed_lines": [], "summary": {"covered_lines": 0, "num_statements": 9, "percent_covered": 0.0, "percent_covered_display": "0", "missing_lines": 9, "excluded_lines": 0, "percent_statements_covered": 0.0, "percent_statements_covered_display": "0"}, "missing_lines": [27, 28, 29, 30, 34, 35, 36, 37, 42], "excluded_lines": [], "start_line": 24}, "score_active_channels": {"executed_lines": [], "summary": {"covered_lines": 0, "num_statements": 4, "percent_covered": 0.0, "percent_covered_display": "0", "missing_lines": 4, "excluded_lines": 0, "percent_statements_covered": 0.0, "percent_statements_covered_display": "0"}, "missing_lines": [48, 49, 50, 51], "excluded_lines": [], "start_line": 45}, "": {"executed_lines": [3, 5, 7, 8, 9, 12, 18, 24, 45], "summary": {"covered_lines": 9, "num_statements": 9, "percent_covered": 100.0, "percent_covered_display": "100", "missing_lines": 0, "excluded_lines": 0, "percent_statements_covered": 100.0, "percent_statements_covered_display": "100"}, "missing_lines": [], "excluded_lines": [], "start_line": 1}}, "classes": {"": {"executed_lines": [3, 5, 7, 8, 9, 12, 18, 24, 45], "summary": {"covered_lines": 9, "num_statements": 24, "percent_covered": 37.5, "percent_covered_display": "38", "missing_lines": 15, "excluded_lines": 0, "percent_statements_covered": 37.5, "percent_statements_covered_display": "38"}, "missing_lines": [15, 21, 27, 28, 29, 30, 34, 35, 36, 37, 42, 48, 49, 50, 51], "excluded_lines": [], "start_line": 1}}}, "app\\services\\translation.py": {"executed_lines": [3, 5, 7, 8, 10, 21, 24, 36, 45, 46], "summary": {"covered_lines": 10, "num_statements": 10, "percent_covered": 100.0, "percent_covered_display": "100", "missing_lines": 0, "excluded_lines": 0, "percent_statements_covered": 100.0, "percent_statements_covered_display": "100"}, "missing_lines": [], "excluded_lines": [], "functions": {"translate_culturally": {"executed_lines": [24, 36, 45, 46], "summary": {"covered_lines": 4, "num_statements": 4, "percent_covered": 100.0, "percent_covered_display": "100", "missing_lines": 0, "excluded_lines": 0, "percent_statements_covered": 100.0, "percent_statements_covered_display": "100"}, "missing_lines": [], "excluded_lines": [], "start_line": 21}, "": {"executed_lines": [3, 5, 7, 8, 10, 21], "summary": {"covered_lines": 6, "num_statements": 6, "percent_covered": 100.0, "percent_covered_display": "100", "missing_lines": 0, "excluded_lines": 0, "percent_statements_covered": 100.0, "percent_statements_covered_display": "100"}, "missing_lines": [], "excluded_lines": [], "start_line": 1}}, "classes": {"": {"executed_lines": [3, 5, 7, 8, 10, 21, 24, 36, 45, 46], "summary": {"covered_lines": 10, "num_statements": 10, "percent_covered": 100.0, "percent_covered_display": "100", "missing_lines": 0, "excluded_lines": 0, "percent_statements_covered": 100.0, "percent_statements_covered_display": "100"}, "missing_lines": [], "excluded_lines": [], "start_line": 1}}}, "app\\tasks\\__init__.py": {"executed_lines": [], "summary": {"covered_lines": 0, "num_statements": 0, "percent_covered": 100.0, "percent_covered_display": "100", "missing_lines": 0, "excluded_lines": 0, "percent_statements_covered": 100.0, "percent_statements_covered_display": "100"}, "missing_lines": [], "excluded_lines": [], "functions": {"": {"executed_lines": [], "summary": {"covered_lines": 0, "num_statements": 0, "percent_covered": 100.0, "percent_covered_display": "100", "missing_lines": 0, "excluded_lines": 0, "percent_statements_covered": 100.0, "percent_statements_covered_display": "100"}, "missing_lines": [], "excluded_lines": [], "start_line": 1}}, "classes": {"": {"executed_lines": [], "summary": {"covered_lines": 0, "num_statements": 0, "percent_covered": 100.0, "percent_covered_display": "100", "missing_lines": 0, "excluded_lines": 0, "percent_statements_covered": 100.0, "percent_statements_covered_display": "100"}, "missing_lines": [], "excluded_lines": [], "start_line": 1}}}, "app\\tasks\\carbon.py": {"executed_lines": [3, 6, 7, 8, 10, 11, 12, 14, 17, 23, 26, 28, 29, 31, 32, 33], "summary": {"covered_lines": 16, "num_statements": 16, "percent_covered": 100.0, "percent_covered_display": "100", "missing_lines": 0, "excluded_lines": 0, "percent_statements_covered": 100.0, "percent_statements_covered_display": "100"}, "missing_lines": [], "excluded_lines": [], "functions": {"recalculate_carbon_leaderboard": {"executed_lines": [26, 28, 29, 31, 32, 33], "summary": {"covered_lines": 6, "num_statements": 6, "percent_covered": 100.0, "percent_covered_display": "100", "missing_lines": 0, "excluded_lines": 0, "percent_statements_covered": 100.0, "percent_statements_covered_display": "100"}, "missing_lines": [], "excluded_lines": [], "start_line": 23}, "": {"executed_lines": [3, 6, 7, 8, 10, 11, 12, 14, 17, 23], "summary": {"covered_lines": 10, "num_statements": 10, "percent_covered": 100.0, "percent_covered_display": "100", "missing_lines": 0, "excluded_lines": 0, "percent_statements_covered": 100.0, "percent_statements_covered_display": "100"}, "missing_lines": [], "excluded_lines": [], "start_line": 1}}, "classes": {"": {"executed_lines": [3, 6, 7, 8, 10, 11, 12, 14, 17, 23, 26, 28, 29, 31, 32, 33], "summary": {"covered_lines": 16, "num_statements": 16, "percent_covered": 100.0, "percent_covered_display": "100", "missing_lines": 0, "excluded_lines": 0, "percent_statements_covered": 100.0, "percent_statements_covered_display": "100"}, "missing_lines": [], "excluded_lines": [], "start_line": 1}}}, "app\\tasks\\coaching.py": {"executed_lines": [3, 6, 7, 8, 9, 10, 12, 13, 14, 15, 16, 18, 21, 29, 30, 36, 39, 48, 58, 59, 60, 61, 62, 65, 66, 67, 68, 70, 71, 72, 73, 74, 75, 77, 78, 103, 106, 107, 108, 119, 120, 124, 127], "summary": {"covered_lines": 43, "num_statements": 58, "percent_covered": 74.13793103448276, "percent_covered_display": "74", "missing_lines": 15, "excluded_lines": 0, "percent_statements_covered": 74.13793103448276, "percent_statements_covered_display": "74"}, "missing_lines": [22, 23, 24, 25, 26, 63, 69, 85, 86, 87, 101, 104, 116, 117, 130], "excluded_lines": [], "functions": {"_resolve_channel_id": {"executed_lines": [], "summary": {"covered_lines": 0, "num_statements": 5, "percent_covered": 0.0, "percent_covered_display": "0", "missing_lines": 5, "excluded_lines": 0, "percent_statements_covered": 0.0, "percent_statements_covered_display": "0"}, "missing_lines": [22, 23, 24, 25, 26], "excluded_lines": [], "start_line": 21}, "_publish_nudge": {"executed_lines": [30, 36], "summary": {"covered_lines": 2, "num_statements": 2, "percent_covered": 100.0, "percent_covered_display": "100", "missing_lines": 0, "excluded_lines": 0, "percent_statements_covered": 100.0, "percent_statements_covered_display": "100"}, "missing_lines": [], "excluded_lines": [], "start_line": 29}, "run_coaching": {"executed_lines": [58, 59, 60, 61, 62, 65, 66, 67, 68, 70, 71, 72, 73, 74, 75, 77, 78, 103, 106, 107, 108, 119, 120], "summary": {"covered_lines": 23, "num_statements": 32, "percent_covered": 71.875, "percent_covered_display": "72", "missing_lines": 9, "excluded_lines": 0, "percent_statements_covered": 71.875, "percent_statements_covered_display": "72"}, "missing_lines": [63, 69, 85, 86, 87, 101, 104, 116, 117], "excluded_lines": [], "start_line": 48}, "trigger_coaching_task": {"executed_lines": [], "summary": {"covered_lines": 0, "num_statements": 1, "percent_covered": 0.0, "percent_covered_display": "0", "missing_lines": 1, "excluded_lines": 0, "percent_statements_covered": 0.0, "percent_statements_covered_display": "0"}, "missing_lines": [130], "excluded_lines": [], "start_line": 127}, "": {"executed_lines": [3, 6, 7, 8, 9, 10, 12, 13, 14, 15, 16, 18, 21, 29, 39, 48, 124, 127], "summary": {"covered_lines": 18, "num_statements": 18, "percent_covered": 100.0, "percent_covered_display": "100", "missing_lines": 0, "excluded_lines": 0, "percent_statements_covered": 100.0, "percent_statements_covered_display": "100"}, "missing_lines": [], "excluded_lines": [], "start_line": 1}}, "classes": {"": {"executed_lines": [3, 6, 7, 8, 9, 10, 12, 13, 14, 15, 16, 18, 21, 29, 30, 36, 39, 48, 58, 59, 60, 61, 62, 65, 66, 67, 68, 70, 71, 72, 73, 74, 75, 77, 78, 103, 106, 107, 108, 119, 120, 124, 127], "summary": {"covered_lines": 43, "num_statements": 58, "percent_covered": 74.13793103448276, "percent_covered_display": "74", "missing_lines": 15, "excluded_lines": 0, "percent_statements_covered": 74.13793103448276, "percent_statements_covered_display": "74"}, "missing_lines": [22, 23, 24, 25, 26, 63, 69, 85, 86, 87, 101, 104, 116, 117, 130], "excluded_lines": [], "start_line": 1}}}, "app\\tasks\\sentiment.py": {"executed_lines": [3, 6, 7, 8, 9, 10, 12, 13, 14, 15, 16, 18, 21, 30, 33, 34, 44, 45, 48, 57, 60, 61, 62, 64, 65, 66, 76], "summary": {"covered_lines": 27, "num_statements": 35, "percent_covered": 77.14285714285714, "percent_covered_display": "77", "missing_lines": 8, "excluded_lines": 0, "percent_statements_covered": 77.14285714285714, "percent_statements_covered_display": "77"}, "missing_lines": [35, 36, 37, 43, 67, 68, 69, 75], "excluded_lines": [], "functions": {"score_active_channels_task": {"executed_lines": [33, 34, 44, 45], "summary": {"covered_lines": 4, "num_statements": 8, "percent_covered": 50.0, "percent_covered_display": "50", "missing_lines": 4, "excluded_lines": 0, "percent_statements_covered": 50.0, "percent_statements_covered_display": "50"}, "missing_lines": [35, 36, 37, 43], "excluded_lines": [], "start_line": 30}, "score_single_channel_task": {"executed_lines": [60, 61, 62, 64, 65, 66, 76], "summary": {"covered_lines": 7, "num_statements": 11, "percent_covered": 63.63636363636363, "percent_covered_display": "64", "missing_lines": 4, "excluded_lines": 0, "percent_statements_covered": 63.63636363636363, "percent_statements_covered_display": "64"}, "missing_lines": [67, 68, 69, 75], "excluded_lines": [], "start_line": 57}, "": {"executed_lines": [3, 6, 7, 8, 9, 10, 12, 13, 14, 15, 16, 18, 21, 30, 48, 57], "summary": {"covered_lines": 16, "num_statements": 16, "percent_covered": 100.0, "percent_covered_display": "100", "missing_lines": 0, "excluded_lines": 0, "percent_statements_covered": 100.0, "percent_statements_covered_display": "100"}, "missing_lines": [], "excluded_lines": [], "start_line": 1}}, "classes": {"": {"executed_lines": [3, 6, 7, 8, 9, 10, 12, 13, 14, 15, 16, 18, 21, 30, 33, 34, 44, 45, 48, 57, 60, 61, 62, 64, 65, 66, 76], "summary": {"covered_lines": 27, "num_statements": 35, "percent_covered": 77.14285714285714, "percent_covered_display": "77", "missing_lines": 8, "excluded_lines": 0, "percent_statements_covered": 77.14285714285714, "percent_statements_covered_display": "77"}, "missing_lines": [35, 36, 37, 43, 67, 68, 69, 75], "excluded_lines": [], "start_line": 1}}}, "app\\tasks\\worker.py": {"executed_lines": [3, 5, 7, 9, 14, 15, 20], "summary": {"covered_lines": 7, "num_statements": 7, "percent_covered": 100.0, "percent_covered_display": "100", "missing_lines": 0, "excluded_lines": 0, "percent_statements_covered": 100.0, "percent_statements_covered_display": "100"}, "missing_lines": [], "excluded_lines": [], "functions": {"": {"executed_lines": [3, 5, 7, 9, 14, 15, 20], "summary": {"covered_lines": 7, "num_statements": 7, "percent_covered": 100.0, "percent_covered_display": "100", "missing_lines": 0, "excluded_lines": 0, "percent_statements_covered": 100.0, "percent_statements_covered_display": "100"}, "missing_lines": [], "excluded_lines": [], "start_line": 1}}, "classes": {"": {"executed_lines": [3, 5, 7, 9, 14, 15, 20], "summary": {"covered_lines": 7, "num_statements": 7, "percent_covered": 100.0, "percent_covered_display": "100", "missing_lines": 0, "excluded_lines": 0, "percent_statements_covered": 100.0, "percent_statements_covered_display": "100"}, "missing_lines": [], "excluded_lines": [], "start_line": 1}}}}, "totals": {"covered_lines": 1373, "num_statements": 2055, "percent_covered": 66.81265206812652, "percent_covered_display": "67", "missing_lines": 682, "excluded_lines": 0, "percent_statements_covered": 66.81265206812652, "percent_statements_covered_display": "67"}}